{"/Users/decod3rslabs/www/shipshitgames/deadrotcom/apps/games/scourge-survivors/src/assets/catalog.ts": {"path":"/Users/decod3rslabs/www/shipshitgames/deadrotcom/apps/games/scourge-survivors/src/assets/catalog.ts","statementMap":{"0":{"start":{"line":54,"column":30},"end":{"line":54,"column":null}},"1":{"start":{"line":55,"column":34},"end":{"line":55,"column":null}},"2":{"start":{"line":62,"column":13},"end":{"line":62,"column":55}},"3":{"start":{"line":63,"column":13},"end":{"line":63,"column":61}},"4":{"start":{"line":67,"column":4},"end":{"line":67,"column":null}},"5":{"start":{"line":71,"column":4},"end":{"line":71,"column":null}},"6":{"start":{"line":75,"column":4},"end":{"line":75,"column":null}},"7":{"start":{"line":79,"column":4},"end":{"line":79,"column":null}},"8":{"start":{"line":83,"column":4},"end":{"line":83,"column":null}},"9":{"start":{"line":87,"column":4},"end":{"line":87,"column":null}},"10":{"start":{"line":91,"column":4},"end":{"line":91,"column":null}},"11":{"start":{"line":95,"column":4},"end":{"line":95,"column":null}},"12":{"start":{"line":99,"column":4},"end":{"line":99,"column":null}},"13":{"start":{"line":103,"column":4},"end":{"line":103,"column":null}},"14":{"start":{"line":107,"column":16},"end":{"line":107,"column":null}},"15":{"start":{"line":108,"column":4},"end":{"line":108,"column":null}},"16":{"start":{"line":108,"column":14},"end":{"line":108,"column":null}},"17":{"start":{"line":109,"column":4},"end":{"line":109,"column":null}},"18":{"start":{"line":110,"column":4},"end":{"line":110,"column":null}},"19":{"start":{"line":114,"column":16},"end":{"line":114,"column":null}},"20":{"start":{"line":115,"column":4},"end":{"line":115,"column":null}},"21":{"start":{"line":115,"column":14},"end":{"line":115,"column":null}},"22":{"start":{"line":116,"column":4},"end":{"line":116,"column":null}},"23":{"start":{"line":117,"column":4},"end":{"line":117,"column":null}},"24":{"start":{"line":121,"column":4},"end":{"line":121,"column":null}},"25":{"start":{"line":125,"column":4},"end":{"line":125,"column":null}},"26":{"start":{"line":129,"column":4},"end":{"line":129,"column":null}},"27":{"start":{"line":133,"column":4},"end":{"line":133,"column":null}},"28":{"start":{"line":137,"column":4},"end":{"line":137,"column":null}},"29":{"start":{"line":141,"column":16},"end":{"line":141,"column":null}},"30":{"start":{"line":142,"column":4},"end":{"line":142,"column":null}},"31":{"start":{"line":142,"column":14},"end":{"line":142,"column":null}},"32":{"start":{"line":143,"column":4},"end":{"line":143,"column":null}},"33":{"start":{"line":144,"column":4},"end":{"line":144,"column":null}},"34":{"start":{"line":148,"column":4},"end":{"line":148,"column":null}},"35":{"start":{"line":152,"column":29},"end":{"line":152,"column":null}},"36":{"start":{"line":155,"column":2},"end":{"line":155,"column":null}},"37":{"start":{"line":159,"column":2},"end":{"line":159,"column":null}},"38":{"start":{"line":163,"column":2},"end":{"line":163,"column":null}},"39":{"start":{"line":167,"column":2},"end":{"line":167,"column":null}},"40":{"start":{"line":171,"column":2},"end":{"line":171,"column":null}},"41":{"start":{"line":175,"column":2},"end":{"line":175,"column":null}},"42":{"start":{"line":179,"column":2},"end":{"line":179,"column":null}},"43":{"start":{"line":183,"column":2},"end":{"line":183,"column":null}},"44":{"start":{"line":187,"column":2},"end":{"line":187,"column":null}},"45":{"start":{"line":191,"column":2},"end":{"line":191,"column":null}},"46":{"start":{"line":195,"column":16},"end":{"line":195,"column":null}},"47":{"start":{"line":196,"column":18},"end":{"line":196,"column":null}},"48":{"start":{"line":197,"column":2},"end":{"line":197,"column":null}},"49":{"start":{"line":198,"column":2},"end":{"line":198,"column":null}},"50":{"start":{"line":199,"column":2},"end":{"line":199,"column":null}},"51":{"start":{"line":200,"column":2},"end":{"line":200,"column":null}},"52":{"start":{"line":201,"column":2},"end":{"line":201,"column":null}},"53":{"start":{"line":202,"column":2},"end":{"line":202,"column":null}},"54":{"start":{"line":206,"column":16},"end":{"line":206,"column":null}},"55":{"start":{"line":207,"column":18},"end":{"line":207,"column":null}},"56":{"start":{"line":208,"column":2},"end":{"line":208,"column":null}},"57":{"start":{"line":209,"column":2},"end":{"line":209,"column":null}},"58":{"start":{"line":210,"column":2},"end":{"line":210,"column":null}},"59":{"start":{"line":211,"column":2},"end":{"line":211,"column":null}}},"fnMap":{"0":{"name":"constructor","decl":{"start":{"line":61,"column":2},"end":{"line":61,"column":null}},"loc":{"start":{"line":64,"column":4},"end":{"line":64,"column":null}},"line":64},"1":{"name":"assetUrl","decl":{"start":{"line":66,"column":2},"end":{"line":66,"column":11}},"loc":{"start":{"line":66,"column":33},"end":{"line":68,"column":null}},"line":66},"2":{"name":"spriteEntry","decl":{"start":{"line":70,"column":2},"end":{"line":70,"column":14}},"loc":{"start":{"line":70,"column":39},"end":{"line":72,"column":null}},"line":70},"3":{"name":"textureEntry","decl":{"start":{"line":74,"column":2},"end":{"line":74,"column":15}},"loc":{"start":{"line":74,"column":41},"end":{"line":76,"column":null}},"line":74},"4":{"name":"audioEntry","decl":{"start":{"line":78,"column":2},"end":{"line":78,"column":13}},"loc":{"start":{"line":78,"column":37},"end":{"line":80,"column":null}},"line":78},"5":{"name":"uiEntry","decl":{"start":{"line":82,"column":2},"end":{"line":82,"column":10}},"loc":{"start":{"line":82,"column":31},"end":{"line":84,"column":null}},"line":82},"6":{"name":"audioUrl","decl":{"start":{"line":86,"column":2},"end":{"line":86,"column":11}},"loc":{"start":{"line":86,"column":31},"end":{"line":88,"column":null}},"line":86},"7":{"name":"uiUrl","decl":{"start":{"line":90,"column":2},"end":{"line":90,"column":8}},"loc":{"start":{"line":90,"column":28},"end":{"line":92,"column":null}},"line":90},"8":{"name":"spriteUrl","decl":{"start":{"line":94,"column":2},"end":{"line":94,"column":12}},"loc":{"start":{"line":94,"column":51},"end":{"line":96,"column":null}},"line":94},"9":{"name":"animationFrameUrl","decl":{"start":{"line":98,"column":2},"end":{"line":98,"column":20}},"loc":{"start":{"line":98,"column":93},"end":{"line":100,"column":null}},"line":98},"10":{"name":"spriteScale","decl":{"start":{"line":102,"column":2},"end":{"line":102,"column":14}},"loc":{"start":{"line":102,"column":51},"end":{"line":104,"column":null}},"line":102},"11":{"name":"enemy","decl":{"start":{"line":106,"column":2},"end":{"line":106,"column":8}},"loc":{"start":{"line":106,"column":37},"end":{"line":111,"column":null}},"line":106},"12":{"name":"spriteRef","decl":{"start":{"line":113,"column":2},"end":{"line":113,"column":12}},"loc":{"start":{"line":113,"column":71},"end":{"line":118,"column":null}},"line":113},"13":{"name":"player","decl":{"start":{"line":120,"column":2},"end":{"line":120,"column":9}},"loc":{"start":{"line":120,"column":39},"end":{"line":122,"column":null}},"line":120},"14":{"name":"weapon","decl":{"start":{"line":124,"column":2},"end":{"line":124,"column":9}},"loc":{"start":{"line":124,"column":39},"end":{"line":126,"column":null}},"line":124},"15":{"name":"pickup","decl":{"start":{"line":128,"column":2},"end":{"line":128,"column":9}},"loc":{"start":{"line":128,"column":39},"end":{"line":130,"column":null}},"line":128},"16":{"name":"projectile","decl":{"start":{"line":132,"column":2},"end":{"line":132,"column":13}},"loc":{"start":{"line":132,"column":43},"end":{"line":134,"column":null}},"line":132},"17":{"name":"fx","decl":{"start":{"line":136,"column":2},"end":{"line":136,"column":5}},"loc":{"start":{"line":136,"column":35},"end":{"line":138,"column":null}},"line":136},"18":{"name":"ui","decl":{"start":{"line":140,"column":2},"end":{"line":140,"column":5}},"loc":{"start":{"line":140,"column":31},"end":{"line":145,"column":null}},"line":140},"19":{"name":"runtimeUiUrl","decl":{"start":{"line":147,"column":2},"end":{"line":147,"column":15}},"loc":{"start":{"line":147,"column":35},"end":{"line":149,"column":null}},"line":147},"20":{"name":"assetUrl","decl":{"start":{"line":154,"column":16},"end":{"line":154,"column":25}},"loc":{"start":{"line":154,"column":47},"end":{"line":156,"column":null}},"line":154},"21":{"name":"spriteEntry","decl":{"start":{"line":158,"column":16},"end":{"line":158,"column":28}},"loc":{"start":{"line":158,"column":53},"end":{"line":160,"column":null}},"line":158},"22":{"name":"textureEntry","decl":{"start":{"line":162,"column":16},"end":{"line":162,"column":29}},"loc":{"start":{"line":162,"column":55},"end":{"line":164,"column":null}},"line":162},"23":{"name":"audioEntry","decl":{"start":{"line":166,"column":16},"end":{"line":166,"column":27}},"loc":{"start":{"line":166,"column":51},"end":{"line":168,"column":null}},"line":166},"24":{"name":"uiEntry","decl":{"start":{"line":170,"column":16},"end":{"line":170,"column":24}},"loc":{"start":{"line":170,"column":45},"end":{"line":172,"column":null}},"line":170},"25":{"name":"audioUrl","decl":{"start":{"line":174,"column":16},"end":{"line":174,"column":25}},"loc":{"start":{"line":174,"column":45},"end":{"line":176,"column":null}},"line":174},"26":{"name":"uiUrl","decl":{"start":{"line":178,"column":16},"end":{"line":178,"column":22}},"loc":{"start":{"line":178,"column":42},"end":{"line":180,"column":null}},"line":178},"27":{"name":"spriteUrl","decl":{"start":{"line":182,"column":16},"end":{"line":182,"column":26}},"loc":{"start":{"line":182,"column":65},"end":{"line":184,"column":null}},"line":182},"28":{"name":"animationFrameUrl","decl":{"start":{"line":186,"column":16},"end":{"line":186,"column":34}},"loc":{"start":{"line":186,"column":107},"end":{"line":188,"column":null}},"line":186},"29":{"name":"spriteScale","decl":{"start":{"line":190,"column":16},"end":{"line":190,"column":28}},"loc":{"start":{"line":190,"column":65},"end":{"line":192,"column":null}},"line":190},"30":{"name":"loadSpriteTexture","decl":{"start":{"line":194,"column":16},"end":{"line":194,"column":34}},"loc":{"start":{"line":194,"column":80},"end":{"line":203,"column":null}},"line":194},"31":{"name":"loadTexture","decl":{"start":{"line":205,"column":16},"end":{"line":205,"column":28}},"loc":{"start":{"line":205,"column":55},"end":{"line":212,"column":null}},"line":205}},"branchMap":{"0":{"loc":{"start":{"line":62,"column":4},"end":{"line":62,"column":null}},"type":"default-arg","locations":[{"start":{"line":62,"column":55},"end":{"line":62,"column":null}}],"line":62},"1":{"loc":{"start":{"line":63,"column":4},"end":{"line":63,"column":null}},"type":"default-arg","locations":[{"start":{"line":63,"column":61},"end":{"line":63,"column":null}}],"line":63},"2":{"loc":{"start":{"line":108,"column":4},"end":{"line":108,"column":null}},"type":"if","locations":[{"start":{"line":108,"column":4},"end":{"line":108,"column":null}},{"start":{},"end":{}}],"line":108},"3":{"loc":{"start":{"line":115,"column":4},"end":{"line":115,"column":null}},"type":"if","locations":[{"start":{"line":115,"column":4},"end":{"line":115,"column":null}},{"start":{},"end":{}}],"line":115},"4":{"loc":{"start":{"line":142,"column":4},"end":{"line":142,"column":null}},"type":"if","locations":[{"start":{"line":142,"column":4},"end":{"line":142,"column":null}},{"start":{},"end":{}}],"line":142},"5":{"loc":{"start":{"line":198,"column":22},"end":{"line":198,"column":null}},"type":"cond-expr","locations":[{"start":{"line":198,"column":51},"end":{"line":198,"column":73}},{"start":{"line":198,"column":73},"end":{"line":198,"column":null}}],"line":198},"6":{"loc":{"start":{"line":199,"column":22},"end":{"line":199,"column":null}},"type":"cond-expr","locations":[{"start":{"line":199,"column":51},"end":{"line":199,"column":73}},{"start":{"line":199,"column":73},"end":{"line":199,"column":null}}],"line":199},"7":{"loc":{"start":{"line":208,"column":23},"end":{"line":208,"column":null}},"type":"cond-expr","locations":[{"start":{"line":208,"column":53},"end":{"line":208,"column":76}},{"start":{"line":208,"column":76},"end":{"line":208,"column":null}}],"line":208}},"s":{"0":1,"1":1,"2":1,"3":1,"4":0,"5":0,"6":0,"7":0,"8":9,"9":0,"10":9,"11":0,"12":0,"13":0,"14":0,"15":0,"16":0,"17":0,"18":0,"19":0,"20":0,"21":0,"22":0,"23":0,"24":0,"25":0,"26":0,"27":0,"28":0,"29":9,"30":9,"31":0,"32":9,"33":9,"34":9,"35":1,"36":0,"37":0,"38":0,"39":0,"40":0,"41":0,"42":0,"43":0,"44":0,"45":0,"46":0,"47":0,"48":0,"49":0,"50":0,"51":0,"52":0,"53":0,"54":0,"55":0,"56":0,"57":0,"58":0,"59":0},"f":{"0":1,"1":0,"2":0,"3":0,"4":0,"5":9,"6":0,"7":9,"8":0,"9":0,"10":0,"11":0,"12":0,"13":0,"14":0,"15":0,"16":0,"17":0,"18":9,"19":9,"20":0,"21":0,"22":0,"23":0,"24":0,"25":0,"26":0,"27":0,"28":0,"29":0,"30":0,"31":0},"b":{"0":[1],"1":[1],"2":[0,0],"3":[0,0],"4":[0,9],"5":[0,0],"6":[0,0],"7":[0,0]},"meta":{"lastBranch":8,"lastFunction":32,"lastStatement":60,"seen":{"s:54:30:54:Infinity":0,"s:55:34:55:Infinity":1,"f:61:2:61:Infinity":0,"b:62:55:62:Infinity":0,"b:63:61:63:Infinity":1,"s:62:13:62:55":2,"s:63:13:63:61":3,"f:66:2:66:11":1,"s:67:4:67:Infinity":4,"f:70:2:70:14":2,"s:71:4:71:Infinity":5,"f:74:2:74:15":3,"s:75:4:75:Infinity":6,"f:78:2:78:13":4,"s:79:4:79:Infinity":7,"f:82:2:82:10":5,"s:83:4:83:Infinity":8,"f:86:2:86:11":6,"s:87:4:87:Infinity":9,"f:90:2:90:8":7,"s:91:4:91:Infinity":10,"f:94:2:94:12":8,"s:95:4:95:Infinity":11,"f:98:2:98:20":9,"s:99:4:99:Infinity":12,"f:102:2:102:14":10,"s:103:4:103:Infinity":13,"f:106:2:106:8":11,"s:107:16:107:Infinity":14,"b:108:4:108:Infinity:undefined:undefined:undefined:undefined":2,"s:108:4:108:Infinity":15,"s:108:14:108:Infinity":16,"s:109:4:109:Infinity":17,"s:110:4:110:Infinity":18,"f:113:2:113:12":12,"s:114:16:114:Infinity":19,"b:115:4:115:Infinity:undefined:undefined:undefined:undefined":3,"s:115:4:115:Infinity":20,"s:115:14:115:Infinity":21,"s:116:4:116:Infinity":22,"s:117:4:117:Infinity":23,"f:120:2:120:9":13,"s:121:4:121:Infinity":24,"f:124:2:124:9":14,"s:125:4:125:Infinity":25,"f:128:2:128:9":15,"s:129:4:129:Infinity":26,"f:132:2:132:13":16,"s:133:4:133:Infinity":27,"f:136:2:136:5":17,"s:137:4:137:Infinity":28,"f:140:2:140:5":18,"s:141:16:141:Infinity":29,"b:142:4:142:Infinity:undefined:undefined:undefined:undefined":4,"s:142:4:142:Infinity":30,"s:142:14:142:Infinity":31,"s:143:4:143:Infinity":32,"s:144:4:144:Infinity":33,"f:147:2:147:15":19,"s:148:4:148:Infinity":34,"s:152:29:152:Infinity":35,"f:154:16:154:25":20,"s:155:2:155:Infinity":36,"f:158:16:158:28":21,"s:159:2:159:Infinity":37,"f:162:16:162:29":22,"s:163:2:163:Infinity":38,"f:166:16:166:27":23,"s:167:2:167:Infinity":39,"f:170:16:170:24":24,"s:171:2:171:Infinity":40,"f:174:16:174:25":25,"s:175:2:175:Infinity":41,"f:178:16:178:22":26,"s:179:2:179:Infinity":42,"f:182:16:182:26":27,"s:183:2:183:Infinity":43,"f:186:16:186:34":28,"s:187:2:187:Infinity":44,"f:190:16:190:28":29,"s:191:2:191:Infinity":45,"f:194:16:194:34":30,"s:195:16:195:Infinity":46,"s:196:18:196:Infinity":47,"s:197:2:197:Infinity":48,"s:198:2:198:Infinity":49,"b:198:51:198:73:198:73:198:Infinity":5,"s:199:2:199:Infinity":50,"b:199:51:199:73:199:73:199:Infinity":6,"s:200:2:200:Infinity":51,"s:201:2:201:Infinity":52,"s:202:2:202:Infinity":53,"f:205:16:205:28":31,"s:206:16:206:Infinity":54,"s:207:18:207:Infinity":55,"s:208:2:208:Infinity":56,"b:208:53:208:76:208:76:208:Infinity":7,"s:209:2:209:Infinity":57,"s:210:2:210:Infinity":58,"s:211:2:211:Infinity":59}}}
,"/Users/decod3rslabs/www/shipshitgames/deadrotcom/apps/games/scourge-survivors/src/game/constants.ts": {"path":"/Users/decod3rslabs/www/shipshitgames/deadrotcom/apps/games/scourge-survivors/src/game/constants.ts","statementMap":{"0":{"start":{"line":3,"column":26},"end":{"line":3,"column":null}},"1":{"start":{"line":4,"column":27},"end":{"line":4,"column":null}},"2":{"start":{"line":5,"column":30},"end":{"line":5,"column":null}},"3":{"start":{"line":7,"column":29},"end":{"line":7,"column":null}},"4":{"start":{"line":8,"column":36},"end":{"line":8,"column":null}},"5":{"start":{"line":9,"column":29},"end":{"line":9,"column":null}},"6":{"start":{"line":10,"column":31},"end":{"line":10,"column":null}},"7":{"start":{"line":11,"column":24},"end":{"line":11,"column":null}},"8":{"start":{"line":12,"column":23},"end":{"line":12,"column":null}},"9":{"start":{"line":13,"column":29},"end":{"line":13,"column":null}},"10":{"start":{"line":14,"column":26},"end":{"line":14,"column":null}},"11":{"start":{"line":15,"column":28},"end":{"line":15,"column":null}},"12":{"start":{"line":16,"column":33},"end":{"line":16,"column":null}},"13":{"start":{"line":17,"column":33},"end":{"line":17,"column":null}},"14":{"start":{"line":18,"column":33},"end":{"line":18,"column":null}},"15":{"start":{"line":19,"column":27},"end":{"line":19,"column":null}},"16":{"start":{"line":20,"column":34},"end":{"line":20,"column":null}},"17":{"start":{"line":21,"column":32},"end":{"line":21,"column":null}},"18":{"start":{"line":22,"column":33},"end":{"line":22,"column":null}},"19":{"start":{"line":25,"column":29},"end":{"line":25,"column":null}},"20":{"start":{"line":26,"column":29},"end":{"line":26,"column":null}},"21":{"start":{"line":27,"column":27},"end":{"line":27,"column":null}},"22":{"start":{"line":28,"column":29},"end":{"line":28,"column":null}},"23":{"start":{"line":29,"column":27},"end":{"line":29,"column":null}},"24":{"start":{"line":30,"column":29},"end":{"line":30,"column":null}},"25":{"start":{"line":31,"column":29},"end":{"line":31,"column":null}},"26":{"start":{"line":32,"column":35},"end":{"line":32,"column":null}},"27":{"start":{"line":36,"column":28},"end":{"line":36,"column":null}},"28":{"start":{"line":37,"column":27},"end":{"line":37,"column":null}},"29":{"start":{"line":38,"column":30},"end":{"line":38,"column":null}},"30":{"start":{"line":39,"column":29},"end":{"line":39,"column":null}},"31":{"start":{"line":40,"column":31},"end":{"line":40,"column":null}},"32":{"start":{"line":43,"column":32},"end":{"line":43,"column":null}},"33":{"start":{"line":44,"column":31},"end":{"line":44,"column":null}},"34":{"start":{"line":45,"column":31},"end":{"line":45,"column":null}},"35":{"start":{"line":46,"column":28},"end":{"line":46,"column":null}},"36":{"start":{"line":47,"column":28},"end":{"line":47,"column":null}},"37":{"start":{"line":48,"column":34},"end":{"line":48,"column":null}},"38":{"start":{"line":49,"column":35},"end":{"line":49,"column":null}},"39":{"start":{"line":50,"column":37},"end":{"line":50,"column":null}},"40":{"start":{"line":51,"column":27},"end":{"line":51,"column":null}},"41":{"start":{"line":52,"column":32},"end":{"line":52,"column":null}},"42":{"start":{"line":62,"column":35},"end":{"line":66,"column":null}},"43":{"start":{"line":67,"column":27},"end":{"line":67,"column":null}},"44":{"start":{"line":73,"column":37},"end":{"line":73,"column":null}},"45":{"start":{"line":74,"column":32},"end":{"line":74,"column":null}},"46":{"start":{"line":76,"column":32},"end":{"line":76,"column":null}},"47":{"start":{"line":77,"column":26},"end":{"line":77,"column":null}},"48":{"start":{"line":78,"column":35},"end":{"line":78,"column":null}},"49":{"start":{"line":81,"column":27},"end":{"line":81,"column":null}},"50":{"start":{"line":82,"column":26},"end":{"line":82,"column":null}},"51":{"start":{"line":83,"column":26},"end":{"line":83,"column":null}},"52":{"start":{"line":84,"column":34},"end":{"line":84,"column":null}},"53":{"start":{"line":85,"column":36},"end":{"line":85,"column":null}},"54":{"start":{"line":86,"column":33},"end":{"line":86,"column":null}},"55":{"start":{"line":87,"column":26},"end":{"line":87,"column":null}},"56":{"start":{"line":88,"column":26},"end":{"line":88,"column":null}},"57":{"start":{"line":89,"column":34},"end":{"line":89,"column":null}},"58":{"start":{"line":118,"column":53},"end":{"line":230,"column":null}},"59":{"start":{"line":233,"column":36},"end":{"line":233,"column":null}},"60":{"start":{"line":234,"column":36},"end":{"line":234,"column":null}},"61":{"start":{"line":235,"column":41},"end":{"line":235,"column":null}},"62":{"start":{"line":236,"column":40},"end":{"line":236,"column":null}},"63":{"start":{"line":240,"column":34},"end":{"line":240,"column":null}},"64":{"start":{"line":241,"column":29},"end":{"line":241,"column":null}},"65":{"start":{"line":242,"column":26},"end":{"line":242,"column":null}},"66":{"start":{"line":243,"column":36},"end":{"line":243,"column":null}},"67":{"start":{"line":244,"column":35},"end":{"line":244,"column":null}},"68":{"start":{"line":245,"column":28},"end":{"line":245,"column":null}},"69":{"start":{"line":246,"column":38},"end":{"line":246,"column":null}},"70":{"start":{"line":247,"column":33},"end":{"line":247,"column":null}},"71":{"start":{"line":248,"column":38},"end":{"line":248,"column":null}},"72":{"start":{"line":249,"column":33},"end":{"line":249,"column":null}},"73":{"start":{"line":250,"column":33},"end":{"line":250,"column":null}},"74":{"start":{"line":251,"column":32},"end":{"line":251,"column":null}},"75":{"start":{"line":254,"column":35},"end":{"line":254,"column":null}},"76":{"start":{"line":255,"column":35},"end":{"line":255,"column":null}},"77":{"start":{"line":256,"column":32},"end":{"line":256,"column":null}},"78":{"start":{"line":257,"column":37},"end":{"line":257,"column":null}},"79":{"start":{"line":258,"column":38},"end":{"line":258,"column":null}},"80":{"start":{"line":259,"column":39},"end":{"line":259,"column":null}},"81":{"start":{"line":260,"column":37},"end":{"line":260,"column":null}},"82":{"start":{"line":261,"column":30},"end":{"line":261,"column":null}},"83":{"start":{"line":264,"column":35},"end":{"line":264,"column":null}},"84":{"start":{"line":265,"column":36},"end":{"line":265,"column":null}},"85":{"start":{"line":266,"column":39},"end":{"line":266,"column":null}},"86":{"start":{"line":267,"column":38},"end":{"line":267,"column":null}},"87":{"start":{"line":268,"column":38},"end":{"line":268,"column":null}},"88":{"start":{"line":269,"column":37},"end":{"line":269,"column":null}},"89":{"start":{"line":270,"column":34},"end":{"line":270,"column":null}},"90":{"start":{"line":271,"column":35},"end":{"line":271,"column":null}}},"fnMap":{},"branchMap":{},"s":{"0":5,"1":5,"2":5,"3":5,"4":5,"5":5,"6":5,"7":5,"8":5,"9":5,"10":5,"11":5,"12":5,"13":5,"14":5,"15":5,"16":5,"17":5,"18":5,"19":5,"20":5,"21":5,"22":5,"23":5,"24":5,"25":5,"26":5,"27":5,"28":5,"29":5,"30":5,"31":5,"32":5,"33":5,"34":5,"35":5,"36":5,"37":5,"38":5,"39":5,"40":5,"41":5,"42":5,"43":5,"44":5,"45":5,"46":5,"47":5,"48":5,"49":5,"50":5,"51":5,"52":5,"53":5,"54":5,"55":5,"56":5,"57":5,"58":5,"59":5,"60":5,"61":5,"62":5,"63":5,"64":5,"65":5,"66":5,"67":5,"68":5,"69":5,"70":5,"71":5,"72":5,"73":5,"74":5,"75":5,"76":5,"77":5,"78":5,"79":5,"80":5,"81":5,"82":5,"83":5,"84":5,"85":5,"86":5,"87":5,"88":5,"89":5,"90":5},"f":{},"b":{},"meta":{"lastBranch":0,"lastFunction":0,"lastStatement":91,"seen":{"s:3:26:3:Infinity":0,"s:4:27:4:Infinity":1,"s:5:30:5:Infinity":2,"s:7:29:7:Infinity":3,"s:8:36:8:Infinity":4,"s:9:29:9:Infinity":5,"s:10:31:10:Infinity":6,"s:11:24:11:Infinity":7,"s:12:23:12:Infinity":8,"s:13:29:13:Infinity":9,"s:14:26:14:Infinity":10,"s:15:28:15:Infinity":11,"s:16:33:16:Infinity":12,"s:17:33:17:Infinity":13,"s:18:33:18:Infinity":14,"s:19:27:19:Infinity":15,"s:20:34:20:Infinity":16,"s:21:32:21:Infinity":17,"s:22:33:22:Infinity":18,"s:25:29:25:Infinity":19,"s:26:29:26:Infinity":20,"s:27:27:27:Infinity":21,"s:28:29:28:Infinity":22,"s:29:27:29:Infinity":23,"s:30:29:30:Infinity":24,"s:31:29:31:Infinity":25,"s:32:35:32:Infinity":26,"s:36:28:36:Infinity":27,"s:37:27:37:Infinity":28,"s:38:30:38:Infinity":29,"s:39:29:39:Infinity":30,"s:40:31:40:Infinity":31,"s:43:32:43:Infinity":32,"s:44:31:44:Infinity":33,"s:45:31:45:Infinity":34,"s:46:28:46:Infinity":35,"s:47:28:47:Infinity":36,"s:48:34:48:Infinity":37,"s:49:35:49:Infinity":38,"s:50:37:50:Infinity":39,"s:51:27:51:Infinity":40,"s:52:32:52:Infinity":41,"s:62:35:66:Infinity":42,"s:67:27:67:Infinity":43,"s:73:37:73:Infinity":44,"s:74:32:74:Infinity":45,"s:76:32:76:Infinity":46,"s:77:26:77:Infinity":47,"s:78:35:78:Infinity":48,"s:81:27:81:Infinity":49,"s:82:26:82:Infinity":50,"s:83:26:83:Infinity":51,"s:84:34:84:Infinity":52,"s:85:36:85:Infinity":53,"s:86:33:86:Infinity":54,"s:87:26:87:Infinity":55,"s:88:26:88:Infinity":56,"s:89:34:89:Infinity":57,"s:118:53:230:Infinity":58,"s:233:36:233:Infinity":59,"s:234:36:234:Infinity":60,"s:235:41:235:Infinity":61,"s:236:40:236:Infinity":62,"s:240:34:240:Infinity":63,"s:241:29:241:Infinity":64,"s:242:26:242:Infinity":65,"s:243:36:243:Infinity":66,"s:244:35:244:Infinity":67,"s:245:28:245:Infinity":68,"s:246:38:246:Infinity":69,"s:247:33:247:Infinity":70,"s:248:38:248:Infinity":71,"s:249:33:249:Infinity":72,"s:250:33:250:Infinity":73,"s:251:32:251:Infinity":74,"s:254:35:254:Infinity":75,"s:255:35:255:Infinity":76,"s:256:32:256:Infinity":77,"s:257:37:257:Infinity":78,"s:258:38:258:Infinity":79,"s:259:39:259:Infinity":80,"s:260:37:260:Infinity":81,"s:261:30:261:Infinity":82,"s:264:35:264:Infinity":83,"s:265:36:265:Infinity":84,"s:266:39:266:Infinity":85,"s:267:38:267:Infinity":86,"s:268:38:268:Infinity":87,"s:269:37:269:Infinity":88,"s:270:34:270:Infinity":89,"s:271:35:271:Infinity":90}}}
,"/Users/decod3rslabs/www/shipshitgames/deadrotcom/apps/games/scourge-survivors/src/game/directionalSprites.ts": {"path":"/Users/decod3rslabs/www/shipshitgames/deadrotcom/apps/games/scourge-survivors/src/game/directionalSprites.ts","statementMap":{"0":{"start":{"line":27,"column":27},"end":{"line":27,"column":null}},"1":{"start":{"line":28,"column":23},"end":{"line":28,"column":null}},"2":{"start":{"line":29,"column":22},"end":{"line":29,"column":null}},"3":{"start":{"line":32,"column":2},"end":{"line":32,"column":null}},"4":{"start":{"line":36,"column":2},"end":{"line":36,"column":null}},"5":{"start":{"line":40,"column":2},"end":{"line":40,"column":null}},"6":{"start":{"line":40,"column":19},"end":{"line":40,"column":null}},"7":{"start":{"line":41,"column":2},"end":{"line":41,"column":null}},"8":{"start":{"line":41,"column":19},"end":{"line":41,"column":null}},"9":{"start":{"line":42,"column":19},"end":{"line":42,"column":null}},"10":{"start":{"line":43,"column":2},"end":{"line":43,"column":null}},"11":{"start":{"line":47,"column":2},"end":{"line":47,"column":null}},"12":{"start":{"line":47,"column":19},"end":{"line":47,"column":null}},"13":{"start":{"line":48,"column":2},"end":{"line":48,"column":null}},"14":{"start":{"line":48,"column":19},"end":{"line":48,"column":null}},"15":{"start":{"line":49,"column":2},"end":{"line":49,"column":null}},"16":{"start":{"line":64,"column":19},"end":{"line":64,"column":null}},"17":{"start":{"line":65,"column":20},"end":{"line":65,"column":null}},"18":{"start":{"line":66,"column":22},"end":{"line":66,"column":null}},"19":{"start":{"line":67,"column":23},"end":{"line":67,"column":null}},"20":{"start":{"line":68,"column":2},"end":{"line":68,"column":null}},"21":{"start":{"line":68,"column":59},"end":{"line":68,"column":null}},"22":{"start":{"line":70,"column":13},"end":{"line":70,"column":null}},"23":{"start":{"line":71,"column":13},"end":{"line":71,"column":null}},"24":{"start":{"line":72,"column":13},"end":{"line":72,"column":null}},"25":{"start":{"line":73,"column":13},"end":{"line":73,"column":null}},"26":{"start":{"line":74,"column":14},"end":{"line":74,"column":null}},"27":{"start":{"line":75,"column":16},"end":{"line":75,"column":null}},"28":{"start":{"line":76,"column":17},"end":{"line":76,"column":null}},"29":{"start":{"line":77,"column":15},"end":{"line":77,"column":null}},"30":{"start":{"line":79,"column":2},"end":{"line":83,"column":null}},"31":{"start":{"line":93,"column":20},"end":{"line":93,"column":null}},"32":{"start":{"line":94,"column":17},"end":{"line":94,"column":null}},"33":{"start":{"line":95,"column":2},"end":{"line":95,"column":null}}},"fnMap":{"0":{"name":"defaultFallback","decl":{"start":{"line":31,"column":9},"end":{"line":31,"column":51}},"loc":{"start":{"line":31,"column":51},"end":{"line":33,"column":null}},"line":31},"1":{"name":"mirroredCross","decl":{"start":{"line":35,"column":9},"end":{"line":35,"column":23}},"loc":{"start":{"line":35,"column":117},"end":{"line":37,"column":null}},"line":35},"2":{"name":"sectorForBucket","decl":{"start":{"line":39,"column":9},"end":{"line":39,"column":25}},"loc":{"start":{"line":39,"column":81},"end":{"line":44,"column":null}},"line":39},"3":{"name":"viewForBucket","decl":{"start":{"line":46,"column":9},"end":{"line":46,"column":23}},"loc":{"start":{"line":46,"column":62},"end":{"line":50,"column":null}},"line":46},"4":{"name":"chooseDirectionalSpriteFrame","decl":{"start":{"line":57,"column":16},"end":{"line":57,"column":null}},"loc":{"start":{"line":63,"column":26},"end":{"line":84,"column":null}},"line":63},"5":{"name":"chooseMovementDirectionalSpriteFrame","decl":{"start":{"line":86,"column":16},"end":{"line":86,"column":null}},"loc":{"start":{"line":92,"column":26},"end":{"line":96,"column":null}},"line":92}},"branchMap":{"0":{"loc":{"start":{"line":36,"column":9},"end":{"line":36,"column":null}},"type":"cond-expr","locations":[{"start":{"line":36,"column":29},"end":{"line":36,"column":67}},{"start":{"line":36,"column":67},"end":{"line":36,"column":null}}],"line":36},"1":{"loc":{"start":{"line":40,"column":2},"end":{"line":40,"column":null}},"type":"if","locations":[{"start":{"line":40,"column":2},"end":{"line":40,"column":null}},{"start":{},"end":{}}],"line":40},"2":{"loc":{"start":{"line":41,"column":2},"end":{"line":41,"column":null}},"type":"if","locations":[{"start":{"line":41,"column":2},"end":{"line":41,"column":null}},{"start":{},"end":{}}],"line":41},"3":{"loc":{"start":{"line":42,"column":19},"end":{"line":42,"column":null}},"type":"cond-expr","locations":[{"start":{"line":42,"column":32},"end":{"line":42,"column":49}},{"start":{"line":42,"column":49},"end":{"line":42,"column":null}}],"line":42},"4":{"loc":{"start":{"line":47,"column":2},"end":{"line":47,"column":null}},"type":"if","locations":[{"start":{"line":47,"column":2},"end":{"line":47,"column":null}},{"start":{},"end":{}}],"line":47},"5":{"loc":{"start":{"line":48,"column":2},"end":{"line":48,"column":null}},"type":"if","locations":[{"start":{"line":48,"column":2},"end":{"line":48,"column":null}},{"start":{},"end":{}}],"line":48},"6":{"loc":{"start":{"line":62,"column":2},"end":{"line":62,"column":null}},"type":"default-arg","locations":[{"start":{"line":62,"column":38},"end":{"line":62,"column":null}}],"line":62},"7":{"loc":{"start":{"line":64,"column":19},"end":{"line":64,"column":null}},"type":"binary-expr","locations":[{"start":{"line":64,"column":19},"end":{"line":64,"column":39}},{"start":{"line":64,"column":39},"end":{"line":64,"column":null}}],"line":64},"8":{"loc":{"start":{"line":65,"column":20},"end":{"line":65,"column":null}},"type":"binary-expr","locations":[{"start":{"line":65,"column":20},"end":{"line":65,"column":41}},{"start":{"line":65,"column":41},"end":{"line":65,"column":null}}],"line":65},"9":{"loc":{"start":{"line":68,"column":2},"end":{"line":68,"column":null}},"type":"if","locations":[{"start":{"line":68,"column":2},"end":{"line":68,"column":null}},{"start":{},"end":{}}],"line":68},"10":{"loc":{"start":{"line":68,"column":6},"end":{"line":68,"column":59}},"type":"binary-expr","locations":[{"start":{"line":68,"column":6},"end":{"line":68,"column":33}},{"start":{"line":68,"column":33},"end":{"line":68,"column":59}}],"line":68},"11":{"loc":{"start":{"line":75,"column":46},"end":{"line":75,"column":77}},"type":"binary-expr","locations":[{"start":{"line":75,"column":46},"end":{"line":75,"column":69}},{"start":{"line":75,"column":69},"end":{"line":75,"column":77}}],"line":75},"12":{"loc":{"start":{"line":82,"column":10},"end":{"line":82,"column":null}},"type":"cond-expr","locations":[{"start":{"line":82,"column":29},"end":{"line":82,"column":52}},{"start":{"line":82,"column":52},"end":{"line":82,"column":null}}],"line":82},"13":{"loc":{"start":{"line":82,"column":29},"end":{"line":82,"column":52}},"type":"cond-expr","locations":[{"start":{"line":82,"column":42},"end":{"line":82,"column":46}},{"start":{"line":82,"column":46},"end":{"line":82,"column":52}}],"line":82},"14":{"loc":{"start":{"line":91,"column":2},"end":{"line":91,"column":null}},"type":"default-arg","locations":[{"start":{"line":91,"column":38},"end":{"line":91,"column":null}}],"line":91},"15":{"loc":{"start":{"line":93,"column":20},"end":{"line":93,"column":null}},"type":"binary-expr","locations":[{"start":{"line":93,"column":20},"end":{"line":93,"column":41}},{"start":{"line":93,"column":41},"end":{"line":93,"column":null}}],"line":93},"16":{"loc":{"start":{"line":95,"column":38},"end":{"line":95,"column":64}},"type":"cond-expr","locations":[{"start":{"line":95,"column":47},"end":{"line":95,"column":55}},{"start":{"line":95,"column":55},"end":{"line":95,"column":64}}],"line":95},"17":{"loc":{"start":{"line":95,"column":64},"end":{"line":95,"column":90}},"type":"cond-expr","locations":[{"start":{"line":95,"column":73},"end":{"line":95,"column":81}},{"start":{"line":95,"column":81},"end":{"line":95,"column":90}}],"line":95}},"s":{"0":1,"1":1,"2":1,"3":7,"4":8,"5":8,"6":2,"7":6,"8":1,"9":5,"10":8,"11":8,"12":2,"13":6,"14":1,"15":5,"16":10,"17":10,"18":10,"19":10,"20":10,"21":2,"22":8,"23":8,"24":8,"25":8,"26":8,"27":8,"28":10,"29":10,"30":10,"31":1,"32":1,"33":1},"f":{"0":7,"1":8,"2":8,"3":8,"4":10,"5":1},"b":{"0":[1,7],"1":[2,6],"2":[1,5],"3":[2,3],"4":[2,6],"5":[1,5],"6":[10],"7":[10,7],"8":[10,9],"9":[2,8],"10":[10,9],"11":[8,7],"12":[5,3],"13":[2,3],"14":[1],"15":[1,0],"16":[0,1],"17":[0,1]},"meta":{"lastBranch":18,"lastFunction":6,"lastStatement":34,"seen":{"s:27:27:27:Infinity":0,"s:28:23:28:Infinity":1,"s:29:22:29:Infinity":2,"f:31:9:31:51":0,"s:32:2:32:Infinity":3,"f:35:9:35:23":1,"s:36:2:36:Infinity":4,"b:36:29:36:67:36:67:36:Infinity":0,"f:39:9:39:25":2,"b:40:2:40:Infinity:undefined:undefined:undefined:undefined":1,"s:40:2:40:Infinity":5,"s:40:19:40:Infinity":6,"b:41:2:41:Infinity:undefined:undefined:undefined:undefined":2,"s:41:2:41:Infinity":7,"s:41:19:41:Infinity":8,"s:42:19:42:Infinity":9,"b:42:32:42:49:42:49:42:Infinity":3,"s:43:2:43:Infinity":10,"f:46:9:46:23":3,"b:47:2:47:Infinity:undefined:undefined:undefined:undefined":4,"s:47:2:47:Infinity":11,"s:47:19:47:Infinity":12,"b:48:2:48:Infinity:undefined:undefined:undefined:undefined":5,"s:48:2:48:Infinity":13,"s:48:19:48:Infinity":14,"s:49:2:49:Infinity":15,"f:57:16:57:Infinity":4,"b:62:38:62:Infinity":6,"s:64:19:64:Infinity":16,"b:64:19:64:39:64:39:64:Infinity":7,"s:65:20:65:Infinity":17,"b:65:20:65:41:65:41:65:Infinity":8,"s:66:22:66:Infinity":18,"s:67:23:67:Infinity":19,"b:68:2:68:Infinity:undefined:undefined:undefined:undefined":9,"s:68:2:68:Infinity":20,"b:68:6:68:33:68:33:68:59":10,"s:68:59:68:Infinity":21,"s:70:13:70:Infinity":22,"s:71:13:71:Infinity":23,"s:72:13:72:Infinity":24,"s:73:13:73:Infinity":25,"s:74:14:74:Infinity":26,"s:75:16:75:Infinity":27,"b:75:46:75:69:75:69:75:77":11,"s:76:17:76:Infinity":28,"s:77:15:77:Infinity":29,"s:79:2:83:Infinity":30,"b:82:29:82:52:82:52:82:Infinity":12,"b:82:42:82:46:82:46:82:52":13,"f:86:16:86:Infinity":5,"b:91:38:91:Infinity":14,"s:93:20:93:Infinity":31,"b:93:20:93:41:93:41:93:Infinity":15,"s:94:17:94:Infinity":32,"s:95:2:95:Infinity":33,"b:95:47:95:55:95:55:95:64":16,"b:95:73:95:81:95:81:95:90":17}}}
,"/Users/decod3rslabs/www/shipshitgames/deadrotcom/apps/games/scourge-survivors/src/game/data/enemies.ts": {"path":"/Users/decod3rslabs/www/shipshitgames/deadrotcom/apps/games/scourge-survivors/src/game/data/enemies.ts","statementMap":{"0":{"start":{"line":14,"column":4},"end":{"line":30,"column":null}},"1":{"start":{"line":54,"column":77},"end":{"line":174,"column":null}},"2":{"start":{"line":176,"column":59},"end":{"line":184,"column":null}},"3":{"start":{"line":187,"column":19},"end":{"line":187,"column":null}},"4":{"start":{"line":188,"column":14},"end":{"line":188,"column":null}},"5":{"start":{"line":189,"column":65},"end":{"line":189,"column":null}},"6":{"start":{"line":190,"column":2},"end":{"line":197,"column":null}},"7":{"start":{"line":191,"column":16},"end":{"line":191,"column":null}},"8":{"start":{"line":192,"column":4},"end":{"line":192,"column":null}},"9":{"start":{"line":192,"column":34},"end":{"line":192,"column":null}},"10":{"start":{"line":193,"column":19},"end":{"line":193,"column":null}},"11":{"start":{"line":194,"column":4},"end":{"line":194,"column":null}},"12":{"start":{"line":194,"column":21},"end":{"line":194,"column":null}},"13":{"start":{"line":195,"column":4},"end":{"line":195,"column":null}},"14":{"start":{"line":196,"column":4},"end":{"line":196,"column":null}},"15":{"start":{"line":198,"column":2},"end":{"line":198,"column":null}},"16":{"start":{"line":198,"column":18},"end":{"line":198,"column":null}},"17":{"start":{"line":199,"column":13},"end":{"line":199,"column":null}},"18":{"start":{"line":200,"column":2},"end":{"line":203,"column":null}},"19":{"start":{"line":201,"column":4},"end":{"line":201,"column":null}},"20":{"start":{"line":202,"column":4},"end":{"line":202,"column":null}},"21":{"start":{"line":202,"column":19},"end":{"line":202,"column":null}},"22":{"start":{"line":204,"column":2},"end":{"line":204,"column":null}},"23":{"start":{"line":208,"column":8},"end":{"line":208,"column":null}},"24":{"start":{"line":209,"column":2},"end":{"line":209,"column":null}},"25":{"start":{"line":209,"column":39},"end":{"line":209,"column":null}},"26":{"start":{"line":210,"column":2},"end":{"line":210,"column":null}},"27":{"start":{"line":210,"column":39},"end":{"line":210,"column":null}},"28":{"start":{"line":211,"column":2},"end":{"line":211,"column":null}},"29":{"start":{"line":211,"column":39},"end":{"line":211,"column":null}},"30":{"start":{"line":212,"column":2},"end":{"line":212,"column":null}},"31":{"start":{"line":212,"column":38},"end":{"line":212,"column":null}},"32":{"start":{"line":213,"column":2},"end":{"line":213,"column":null}},"33":{"start":{"line":213,"column":39},"end":{"line":213,"column":null}},"34":{"start":{"line":214,"column":2},"end":{"line":214,"column":null}}},"fnMap":{"0":{"name":"pickWeightedEnemyArchetype","decl":{"start":{"line":186,"column":16},"end":{"line":186,"column":43}},"loc":{"start":{"line":186,"column":97},"end":{"line":205,"column":null}},"line":186},"1":{"name":"campaignArchetypeForWave","decl":{"start":{"line":207,"column":16},"end":{"line":207,"column":41}},"loc":{"start":{"line":207,"column":119},"end":{"line":215,"column":null}},"line":207}},"branchMap":{"0":{"loc":{"start":{"line":186,"column":60},"end":{"line":186,"column":97}},"type":"default-arg","locations":[{"start":{"line":186,"column":75},"end":{"line":186,"column":97}}],"line":186},"1":{"loc":{"start":{"line":192,"column":4},"end":{"line":192,"column":null}},"type":"if","locations":[{"start":{"line":192,"column":4},"end":{"line":192,"column":null}},{"start":{},"end":{}}],"line":192},"2":{"loc":{"start":{"line":194,"column":4},"end":{"line":194,"column":null}},"type":"if","locations":[{"start":{"line":194,"column":4},"end":{"line":194,"column":null}},{"start":{},"end":{}}],"line":194},"3":{"loc":{"start":{"line":198,"column":2},"end":{"line":198,"column":null}},"type":"if","locations":[{"start":{"line":198,"column":2},"end":{"line":198,"column":null}},{"start":{},"end":{}}],"line":198},"4":{"loc":{"start":{"line":202,"column":4},"end":{"line":202,"column":null}},"type":"if","locations":[{"start":{"line":202,"column":4},"end":{"line":202,"column":null}},{"start":{},"end":{}}],"line":202},"5":{"loc":{"start":{"line":204,"column":9},"end":{"line":204,"column":null}},"type":"binary-expr","locations":[{"start":{"line":204,"column":9},"end":{"line":204,"column":47}},{"start":{"line":204,"column":47},"end":{"line":204,"column":null}}],"line":204},"6":{"loc":{"start":{"line":209,"column":2},"end":{"line":209,"column":null}},"type":"if","locations":[{"start":{"line":209,"column":2},"end":{"line":209,"column":null}},{"start":{},"end":{}}],"line":209},"7":{"loc":{"start":{"line":209,"column":6},"end":{"line":209,"column":39}},"type":"binary-expr","locations":[{"start":{"line":209,"column":6},"end":{"line":209,"column":24}},{"start":{"line":209,"column":24},"end":{"line":209,"column":39}}],"line":209},"8":{"loc":{"start":{"line":210,"column":2},"end":{"line":210,"column":null}},"type":"if","locations":[{"start":{"line":210,"column":2},"end":{"line":210,"column":null}},{"start":{},"end":{}}],"line":210},"9":{"loc":{"start":{"line":210,"column":6},"end":{"line":210,"column":39}},"type":"binary-expr","locations":[{"start":{"line":210,"column":6},"end":{"line":210,"column":24}},{"start":{"line":210,"column":24},"end":{"line":210,"column":39}}],"line":210},"10":{"loc":{"start":{"line":211,"column":2},"end":{"line":211,"column":null}},"type":"if","locations":[{"start":{"line":211,"column":2},"end":{"line":211,"column":null}},{"start":{},"end":{}}],"line":211},"11":{"loc":{"start":{"line":211,"column":6},"end":{"line":211,"column":39}},"type":"binary-expr","locations":[{"start":{"line":211,"column":6},"end":{"line":211,"column":24}},{"start":{"line":211,"column":24},"end":{"line":211,"column":39}}],"line":211},"12":{"loc":{"start":{"line":212,"column":2},"end":{"line":212,"column":null}},"type":"if","locations":[{"start":{"line":212,"column":2},"end":{"line":212,"column":null}},{"start":{},"end":{}}],"line":212},"13":{"loc":{"start":{"line":212,"column":6},"end":{"line":212,"column":38}},"type":"binary-expr","locations":[{"start":{"line":212,"column":6},"end":{"line":212,"column":23}},{"start":{"line":212,"column":23},"end":{"line":212,"column":38}}],"line":212},"14":{"loc":{"start":{"line":213,"column":2},"end":{"line":213,"column":null}},"type":"if","locations":[{"start":{"line":213,"column":2},"end":{"line":213,"column":null}},{"start":{},"end":{}}],"line":213},"15":{"loc":{"start":{"line":213,"column":6},"end":{"line":213,"column":39}},"type":"binary-expr","locations":[{"start":{"line":213,"column":6},"end":{"line":213,"column":24}},{"start":{"line":213,"column":24},"end":{"line":213,"column":39}}],"line":213},"16":{"loc":{"start":{"line":214,"column":9},"end":{"line":214,"column":null}},"type":"cond-expr","locations":[{"start":{"line":214,"column":25},"end":{"line":214,"column":54}},{"start":{"line":214,"column":54},"end":{"line":214,"column":null}}],"line":214}},"s":{"0":2,"1":2,"2":2,"3":0,"4":0,"5":0,"6":0,"7":0,"8":0,"9":0,"10":0,"11":0,"12":0,"13":0,"14":0,"15":0,"16":0,"17":0,"18":0,"19":0,"20":0,"21":0,"22":0,"23":0,"24":0,"25":0,"26":0,"27":0,"28":0,"29":0,"30":0,"31":0,"32":0,"33":0,"34":0},"f":{"0":0,"1":0},"b":{"0":[0],"1":[0,0],"2":[0,0],"3":[0,0],"4":[0,0],"5":[0,0],"6":[0,0],"7":[0,0],"8":[0,0],"9":[0,0],"10":[0,0],"11":[0,0],"12":[0,0],"13":[0,0],"14":[0,0],"15":[0,0],"16":[0,0]},"meta":{"lastBranch":17,"lastFunction":2,"lastStatement":35,"seen":{"s:14:4:30:Infinity":0,"s:54:77:174:Infinity":1,"s:176:59:184:Infinity":2,"f:186:16:186:43":0,"b:186:75:186:97":0,"s:187:19:187:Infinity":3,"s:188:14:188:Infinity":4,"s:189:65:189:Infinity":5,"s:190:2:197:Infinity":6,"s:191:16:191:Infinity":7,"b:192:4:192:Infinity:undefined:undefined:undefined:undefined":1,"s:192:4:192:Infinity":8,"s:192:34:192:Infinity":9,"s:193:19:193:Infinity":10,"b:194:4:194:Infinity:undefined:undefined:undefined:undefined":2,"s:194:4:194:Infinity":11,"s:194:21:194:Infinity":12,"s:195:4:195:Infinity":13,"s:196:4:196:Infinity":14,"b:198:2:198:Infinity:undefined:undefined:undefined:undefined":3,"s:198:2:198:Infinity":15,"s:198:18:198:Infinity":16,"s:199:13:199:Infinity":17,"s:200:2:203:Infinity":18,"s:201:4:201:Infinity":19,"b:202:4:202:Infinity:undefined:undefined:undefined:undefined":4,"s:202:4:202:Infinity":20,"s:202:19:202:Infinity":21,"s:204:2:204:Infinity":22,"b:204:9:204:47:204:47:204:Infinity":5,"f:207:16:207:41":1,"s:208:8:208:Infinity":23,"b:209:2:209:Infinity:undefined:undefined:undefined:undefined":6,"s:209:2:209:Infinity":24,"b:209:6:209:24:209:24:209:39":7,"s:209:39:209:Infinity":25,"b:210:2:210:Infinity:undefined:undefined:undefined:undefined":8,"s:210:2:210:Infinity":26,"b:210:6:210:24:210:24:210:39":9,"s:210:39:210:Infinity":27,"b:211:2:211:Infinity:undefined:undefined:undefined:undefined":10,"s:211:2:211:Infinity":28,"b:211:6:211:24:211:24:211:39":11,"s:211:39:211:Infinity":29,"b:212:2:212:Infinity:undefined:undefined:undefined:undefined":12,"s:212:2:212:Infinity":30,"b:212:6:212:23:212:23:212:38":13,"s:212:38:212:Infinity":31,"b:213:2:213:Infinity:undefined:undefined:undefined:undefined":14,"s:213:2:213:Infinity":32,"b:213:6:213:24:213:24:213:39":15,"s:213:39:213:Infinity":33,"s:214:2:214:Infinity":34,"b:214:25:214:54:214:54:214:Infinity":16}}}
,"/Users/decod3rslabs/www/shipshitgames/deadrotcom/apps/games/scourge-survivors/src/game/data/maps.ts": {"path":"/Users/decod3rslabs/www/shipshitgames/deadrotcom/apps/games/scourge-survivors/src/game/data/maps.ts","statementMap":{"0":{"start":{"line":30,"column":47},"end":{"line":30,"column":null}},"1":{"start":{"line":32,"column":57},"end":{"line":37,"column":null}},"2":{"start":{"line":128,"column":2},"end":{"line":133,"column":null}},"3":{"start":{"line":140,"column":26},"end":{"line":203,"column":null}},"4":{"start":{"line":209,"column":30},"end":{"line":272,"column":null}},"5":{"start":{"line":278,"column":22},"end":{"line":337,"column":null}},"6":{"start":{"line":344,"column":28},"end":{"line":417,"column":null}},"7":{"start":{"line":422,"column":46},"end":{"line":427,"column":null}},"8":{"start":{"line":433,"column":40},"end":{"line":433,"column":null}},"9":{"start":{"line":436,"column":30},"end":{"line":436,"column":null}},"10":{"start":{"line":439,"column":2},"end":{"line":439,"column":null}},"11":{"start":{"line":447,"column":16},"end":{"line":447,"column":null}},"12":{"start":{"line":448,"column":16},"end":{"line":448,"column":null}},"13":{"start":{"line":449,"column":2},"end":{"line":449,"column":null}},"14":{"start":{"line":449,"column":27},"end":{"line":449,"column":35}},"15":{"start":{"line":460,"column":37},"end":{"line":463,"column":null}},"16":{"start":{"line":461,"column":12},"end":{"line":461,"column":null}},"17":{"start":{"line":462,"column":2},"end":{"line":462,"column":null}}},"fnMap":{"0":{"name":"arenaMaterials","decl":{"start":{"line":127,"column":9},"end":{"line":127,"column":24}},"loc":{"start":{"line":127,"column":57},"end":{"line":134,"column":null}},"line":127},"1":{"name":"getMap","decl":{"start":{"line":438,"column":16},"end":{"line":438,"column":23}},"loc":{"start":{"line":438,"column":45},"end":{"line":440,"column":null}},"line":438},"2":{"name":"campaignSequence","decl":{"start":{"line":446,"column":16},"end":{"line":446,"column":33}},"loc":{"start":{"line":446,"column":62},"end":{"line":450,"column":null}},"line":446},"3":{"name":"(anonymous_3)","decl":{"start":{"line":449,"column":15},"end":{"line":449,"column":20}},"loc":{"start":{"line":449,"column":27},"end":{"line":449,"column":35}},"line":449},"4":{"name":"(anonymous_4)","decl":{"start":{"line":460,"column":52},"end":{"line":460,"column":57}},"loc":{"start":{"line":460,"column":64},"end":{"line":463,"column":1}},"line":460}},"branchMap":{"0":{"loc":{"start":{"line":439,"column":9},"end":{"line":439,"column":null}},"type":"binary-expr","locations":[{"start":{"line":439,"column":9},"end":{"line":439,"column":21}},{"start":{"line":439,"column":21},"end":{"line":439,"column":null}}],"line":439},"1":{"loc":{"start":{"line":448,"column":16},"end":{"line":448,"column":null}},"type":"cond-expr","locations":[{"start":{"line":448,"column":28},"end":{"line":448,"column":45}},{"start":{"line":448,"column":45},"end":{"line":448,"column":null}}],"line":448}},"s":{"0":2,"1":2,"2":8,"3":2,"4":2,"5":2,"6":2,"7":2,"8":2,"9":2,"10":0,"11":0,"12":0,"13":0,"14":0,"15":2,"16":8,"17":8},"f":{"0":8,"1":0,"2":0,"3":0,"4":8},"b":{"0":[0,0],"1":[0,0]},"meta":{"lastBranch":2,"lastFunction":5,"lastStatement":18,"seen":{"s:30:47:30:Infinity":0,"s:32:57:37:Infinity":1,"f:127:9:127:24":0,"s:128:2:133:Infinity":2,"s:140:26:203:Infinity":3,"s:209:30:272:Infinity":4,"s:278:22:337:Infinity":5,"s:344:28:417:Infinity":6,"s:422:46:427:Infinity":7,"s:433:40:433:Infinity":8,"s:436:30:436:Infinity":9,"f:438:16:438:23":1,"s:439:2:439:Infinity":10,"b:439:9:439:21:439:21:439:Infinity":0,"f:446:16:446:33":2,"s:447:16:447:Infinity":11,"s:448:16:448:Infinity":12,"b:448:28:448:45:448:45:448:Infinity":1,"s:449:2:449:Infinity":13,"f:449:15:449:20":3,"s:449:27:449:35":14,"s:460:37:463:Infinity":15,"f:460:52:460:57":4,"s:461:12:461:Infinity":16,"s:462:2:462:Infinity":17}}}
,"/Users/decod3rslabs/www/shipshitgames/deadrotcom/apps/games/scourge-survivors/src/game/data/survivors.ts": {"path":"/Users/decod3rslabs/www/shipshitgames/deadrotcom/apps/games/scourge-survivors/src/game/data/survivors.ts","statementMap":{"0":{"start":{"line":48,"column":38},"end":{"line":160,"column":null}},"1":{"start":{"line":162,"column":60},"end":{"line":164,"column":null}},"2":{"start":{"line":163,"column":22},"end":{"line":163,"column":31}},"3":{"start":{"line":179,"column":65},"end":{"line":201,"column":null}},"4":{"start":{"line":203,"column":53},"end":{"line":203,"column":null}},"5":{"start":{"line":209,"column":2},"end":{"line":216,"column":null}},"6":{"start":{"line":210,"column":16},"end":{"line":210,"column":null}},"7":{"start":{"line":211,"column":10},"end":{"line":211,"column":null}},"8":{"start":{"line":212,"column":10},"end":{"line":212,"column":null}},"9":{"start":{"line":213,"column":4},"end":{"line":215,"column":null}},"10":{"start":{"line":214,"column":6},"end":{"line":214,"column":null}},"11":{"start":{"line":217,"column":2},"end":{"line":217,"column":null}},"12":{"start":{"line":224,"column":28},"end":{"line":224,"column":null}},"13":{"start":{"line":225,"column":2},"end":{"line":238,"column":null}},"14":{"start":{"line":226,"column":18},"end":{"line":226,"column":null}},"15":{"start":{"line":227,"column":4},"end":{"line":227,"column":null}},"16":{"start":{"line":227,"column":20},"end":{"line":227,"column":null}},"17":{"start":{"line":228,"column":21},"end":{"line":228,"column":null}},"18":{"start":{"line":229,"column":22},"end":{"line":229,"column":null}},"19":{"start":{"line":230,"column":4},"end":{"line":237,"column":null}},"20":{"start":{"line":239,"column":2},"end":{"line":239,"column":null}},"21":{"start":{"line":268,"column":75},"end":{"line":320,"column":null}},"22":{"start":{"line":322,"column":53},"end":{"line":322,"column":null}},"23":{"start":{"line":325,"column":2},"end":{"line":325,"column":null}},"24":{"start":{"line":329,"column":2},"end":{"line":329,"column":null}},"25":{"start":{"line":346,"column":59},"end":{"line":395,"column":null}},"26":{"start":{"line":397,"column":38},"end":{"line":397,"column":null}},"27":{"start":{"line":397,"column":85},"end":{"line":397,"column":109}},"28":{"start":{"line":400,"column":14},"end":{"line":400,"column":null}},"29":{"start":{"line":401,"column":2},"end":{"line":401,"column":null}},"30":{"start":{"line":401,"column":15},"end":{"line":401,"column":18}},"31":{"start":{"line":401,"column":34},"end":{"line":401,"column":null}},"32":{"start":{"line":402,"column":2},"end":{"line":402,"column":null}},"33":{"start":{"line":406,"column":15},"end":{"line":406,"column":null}},"34":{"start":{"line":407,"column":2},"end":{"line":410,"column":null}},"35":{"start":{"line":407,"column":15},"end":{"line":407,"column":18}},"36":{"start":{"line":408,"column":4},"end":{"line":408,"column":null}},"37":{"start":{"line":409,"column":4},"end":{"line":409,"column":null}},"38":{"start":{"line":409,"column":23},"end":{"line":409,"column":null}},"39":{"start":{"line":411,"column":2},"end":{"line":411,"column":null}},"40":{"start":{"line":415,"column":33},"end":{"line":415,"column":null}},"41":{"start":{"line":416,"column":32},"end":{"line":416,"column":null}},"42":{"start":{"line":417,"column":28},"end":{"line":417,"column":null}},"43":{"start":{"line":421,"column":2},"end":{"line":421,"column":null}},"44":{"start":{"line":425,"column":32},"end":{"line":425,"column":null}},"45":{"start":{"line":426,"column":30},"end":{"line":426,"column":null}},"46":{"start":{"line":427,"column":32},"end":{"line":427,"column":null}},"47":{"start":{"line":428,"column":30},"end":{"line":428,"column":null}},"48":{"start":{"line":429,"column":35},"end":{"line":429,"column":null}},"49":{"start":{"line":430,"column":34},"end":{"line":430,"column":null}},"50":{"start":{"line":431,"column":33},"end":{"line":431,"column":null}},"51":{"start":{"line":432,"column":35},"end":{"line":432,"column":null}},"52":{"start":{"line":435,"column":28},"end":{"line":435,"column":null}},"53":{"start":{"line":436,"column":27},"end":{"line":436,"column":null}},"54":{"start":{"line":437,"column":32},"end":{"line":437,"column":null}},"55":{"start":{"line":438,"column":25},"end":{"line":438,"column":null}},"56":{"start":{"line":439,"column":28},"end":{"line":439,"column":null}},"57":{"start":{"line":441,"column":24},"end":{"line":441,"column":null}},"58":{"start":{"line":442,"column":26},"end":{"line":442,"column":null}},"59":{"start":{"line":443,"column":24},"end":{"line":443,"column":null}},"60":{"start":{"line":445,"column":24},"end":{"line":445,"column":null}},"61":{"start":{"line":446,"column":27},"end":{"line":446,"column":null}},"62":{"start":{"line":447,"column":29},"end":{"line":447,"column":null}},"63":{"start":{"line":450,"column":35},"end":{"line":450,"column":null}},"64":{"start":{"line":451,"column":32},"end":{"line":451,"column":null}},"65":{"start":{"line":452,"column":30},"end":{"line":452,"column":null}},"66":{"start":{"line":476,"column":40},"end":{"line":516,"column":null}},"67":{"start":{"line":518,"column":51},"end":{"line":518,"column":null}},"68":{"start":{"line":518,"column":95},"end":{"line":518,"column":104}},"69":{"start":{"line":525,"column":2},"end":{"line":525,"column":null}},"70":{"start":{"line":530,"column":15},"end":{"line":530,"column":null}},"71":{"start":{"line":531,"column":2},"end":{"line":531,"column":null}}},"fnMap":{"0":{"name":"(anonymous_0)","decl":{"start":{"line":163,"column":11},"end":{"line":163,"column":16}},"loc":{"start":{"line":163,"column":22},"end":{"line":163,"column":31}},"line":163},"1":{"name":"availableEvolutionChoice","decl":{"start":{"line":205,"column":16},"end":{"line":205,"column":null}},"loc":{"start":{"line":208,"column":24},"end":{"line":218,"column":null}},"line":208},"2":{"name":"survivorBuildList","decl":{"start":{"line":220,"column":16},"end":{"line":220,"column":null}},"loc":{"start":{"line":223,"column":16},"end":{"line":240,"column":null}},"line":223},"3":{"name":"survivorClassFor","decl":{"start":{"line":324,"column":16},"end":{"line":324,"column":33}},"loc":{"start":{"line":324,"column":76},"end":{"line":326,"column":null}},"line":324},"4":{"name":"survivorStartingWeapon","decl":{"start":{"line":328,"column":16},"end":{"line":328,"column":39}},"loc":{"start":{"line":328,"column":74},"end":{"line":330,"column":null}},"line":328},"5":{"name":"(anonymous_5)","decl":{"start":{"line":397,"column":60},"end":{"line":397,"column":68}},"loc":{"start":{"line":397,"column":85},"end":{"line":397,"column":109}},"line":397},"6":{"name":"survivorChapterStart","decl":{"start":{"line":399,"column":16},"end":{"line":399,"column":37}},"loc":{"start":{"line":399,"column":60},"end":{"line":403,"column":null}},"line":399},"7":{"name":"survivorChapterAt","decl":{"start":{"line":405,"column":16},"end":{"line":405,"column":34}},"loc":{"start":{"line":405,"column":56},"end":{"line":412,"column":null}},"line":405},"8":{"name":"xpForLevel","decl":{"start":{"line":420,"column":16},"end":{"line":420,"column":27}},"loc":{"start":{"line":420,"column":50},"end":{"line":422,"column":null}},"line":420},"9":{"name":"(anonymous_9)","decl":{"start":{"line":518,"column":84},"end":{"line":518,"column":89}},"loc":{"start":{"line":518,"column":95},"end":{"line":518,"column":104}},"line":518},"10":{"name":"shopCost","decl":{"start":{"line":524,"column":16},"end":{"line":524,"column":25}},"loc":{"start":{"line":524,"column":61},"end":{"line":526,"column":null}},"line":524},"11":{"name":"runGold","decl":{"start":{"line":529,"column":16},"end":{"line":529,"column":24}},"loc":{"start":{"line":529,"column":95},"end":{"line":532,"column":null}},"line":529}},"branchMap":{"0":{"loc":{"start":{"line":211,"column":25},"end":{"line":211,"column":51}},"type":"binary-expr","locations":[{"start":{"line":211,"column":25},"end":{"line":211,"column":45}},{"start":{"line":211,"column":45},"end":{"line":211,"column":51}}],"line":211},"1":{"loc":{"start":{"line":212,"column":26},"end":{"line":212,"column":62}},"type":"binary-expr","locations":[{"start":{"line":212,"column":26},"end":{"line":212,"column":56}},{"start":{"line":212,"column":56},"end":{"line":212,"column":62}}],"line":212},"2":{"loc":{"start":{"line":213,"column":4},"end":{"line":215,"column":null}},"type":"if","locations":[{"start":{"line":213,"column":4},"end":{"line":215,"column":null}},{"start":{},"end":{}}],"line":213},"3":{"loc":{"start":{"line":213,"column":8},"end":{"line":213,"column":60}},"type":"binary-expr","locations":[{"start":{"line":213,"column":8},"end":{"line":213,"column":31}},{"start":{"line":213,"column":31},"end":{"line":213,"column":46}},{"start":{"line":213,"column":46},"end":{"line":213,"column":60}}],"line":213},"4":{"loc":{"start":{"line":226,"column":18},"end":{"line":226,"column":null}},"type":"binary-expr","locations":[{"start":{"line":226,"column":18},"end":{"line":226,"column":41}},{"start":{"line":226,"column":41},"end":{"line":226,"column":null}}],"line":226},"5":{"loc":{"start":{"line":227,"column":4},"end":{"line":227,"column":null}},"type":"if","locations":[{"start":{"line":227,"column":4},"end":{"line":227,"column":null}},{"start":{},"end":{}}],"line":227},"6":{"loc":{"start":{"line":228,"column":21},"end":{"line":228,"column":null}},"type":"cond-expr","locations":[{"start":{"line":228,"column":77},"end":{"line":228,"column":104}},{"start":{"line":228,"column":104},"end":{"line":228,"column":null}}],"line":228},"7":{"loc":{"start":{"line":229,"column":22},"end":{"line":229,"column":null}},"type":"cond-expr","locations":[{"start":{"line":229,"column":33},"end":{"line":229,"column":62}},{"start":{"line":229,"column":62},"end":{"line":229,"column":null}}],"line":229},"8":{"loc":{"start":{"line":232,"column":12},"end":{"line":232,"column":null}},"type":"cond-expr","locations":[{"start":{"line":232,"column":36},"end":{"line":232,"column":64}},{"start":{"line":232,"column":64},"end":{"line":232,"column":null}}],"line":232},"9":{"loc":{"start":{"line":232,"column":12},"end":{"line":232,"column":36}},"type":"binary-expr","locations":[{"start":{"line":232,"column":12},"end":{"line":232,"column":25}},{"start":{"line":232,"column":25},"end":{"line":232,"column":36}}],"line":232},"10":{"loc":{"start":{"line":325,"column":9},"end":{"line":325,"column":null}},"type":"binary-expr","locations":[{"start":{"line":325,"column":9},"end":{"line":325,"column":57}},{"start":{"line":325,"column":57},"end":{"line":325,"column":null}}],"line":325},"11":{"loc":{"start":{"line":401,"column":43},"end":{"line":401,"column":null}},"type":"binary-expr","locations":[{"start":{"line":401,"column":43},"end":{"line":401,"column":81}},{"start":{"line":401,"column":81},"end":{"line":401,"column":null}}],"line":401},"12":{"loc":{"start":{"line":409,"column":4},"end":{"line":409,"column":null}},"type":"if","locations":[{"start":{"line":409,"column":4},"end":{"line":409,"column":null}},{"start":{},"end":{}}],"line":409}},"s":{"0":2,"1":2,"2":40,"3":2,"4":2,"5":3,"6":7,"7":7,"8":7,"9":7,"10":1,"11":2,"12":1,"13":1,"14":20,"15":20,"16":17,"17":3,"18":20,"19":20,"20":1,"21":2,"22":2,"23":5,"24":5,"25":2,"26":2,"27":8,"28":0,"29":0,"30":0,"31":0,"32":0,"33":0,"34":0,"35":0,"36":0,"37":0,"38":0,"39":0,"40":2,"41":2,"42":2,"43":4,"44":2,"45":2,"46":2,"47":2,"48":2,"49":2,"50":2,"51":2,"52":2,"53":2,"54":2,"55":2,"56":2,"57":2,"58":2,"59":2,"60":2,"61":2,"62":2,"63":2,"64":2,"65":2,"66":2,"67":2,"68":20,"69":0,"70":4,"71":4},"f":{"0":40,"1":3,"2":1,"3":5,"4":5,"5":8,"6":0,"7":0,"8":4,"9":20,"10":0,"11":4},"b":{"0":[7,4],"1":[7,4],"2":[1,6],"3":[7,6,2],"4":[20,17],"5":[17,3],"6":[2,1],"7":[2,1],"8":[1,2],"9":[20,1],"10":[5,1],"11":[0,0],"12":[0,0]},"meta":{"lastBranch":13,"lastFunction":12,"lastStatement":72,"seen":{"s:48:38:160:Infinity":0,"s:162:60:164:Infinity":1,"f:163:11:163:16":0,"s:163:22:163:31":2,"s:179:65:201:Infinity":3,"s:203:53:203:Infinity":4,"f:205:16:205:Infinity":1,"s:209:2:216:Infinity":5,"s:210:16:210:Infinity":6,"s:211:10:211:Infinity":7,"b:211:25:211:45:211:45:211:51":0,"s:212:10:212:Infinity":8,"b:212:26:212:56:212:56:212:62":1,"b:213:4:215:Infinity:undefined:undefined:undefined:undefined":2,"s:213:4:215:Infinity":9,"b:213:8:213:31:213:31:213:46:213:46:213:60":3,"s:214:6:214:Infinity":10,"s:217:2:217:Infinity":11,"f:220:16:220:Infinity":2,"s:224:28:224:Infinity":12,"s:225:2:238:Infinity":13,"s:226:18:226:Infinity":14,"b:226:18:226:41:226:41:226:Infinity":4,"b:227:4:227:Infinity:undefined:undefined:undefined:undefined":5,"s:227:4:227:Infinity":15,"s:227:20:227:Infinity":16,"s:228:21:228:Infinity":17,"b:228:77:228:104:228:104:228:Infinity":6,"s:229:22:229:Infinity":18,"b:229:33:229:62:229:62:229:Infinity":7,"s:230:4:237:Infinity":19,"b:232:36:232:64:232:64:232:Infinity":8,"b:232:12:232:25:232:25:232:36":9,"s:239:2:239:Infinity":20,"s:268:75:320:Infinity":21,"s:322:53:322:Infinity":22,"f:324:16:324:33":3,"s:325:2:325:Infinity":23,"b:325:9:325:57:325:57:325:Infinity":10,"f:328:16:328:39":4,"s:329:2:329:Infinity":24,"s:346:59:395:Infinity":25,"s:397:38:397:Infinity":26,"f:397:60:397:68":5,"s:397:85:397:109":27,"f:399:16:399:37":6,"s:400:14:400:Infinity":28,"s:401:2:401:Infinity":29,"s:401:15:401:18":30,"s:401:34:401:Infinity":31,"b:401:43:401:81:401:81:401:Infinity":11,"s:402:2:402:Infinity":32,"f:405:16:405:34":7,"s:406:15:406:Infinity":33,"s:407:2:410:Infinity":34,"s:407:15:407:18":35,"s:408:4:408:Infinity":36,"b:409:4:409:Infinity:undefined:undefined:undefined:undefined":12,"s:409:4:409:Infinity":37,"s:409:23:409:Infinity":38,"s:411:2:411:Infinity":39,"s:415:33:415:Infinity":40,"s:416:32:416:Infinity":41,"s:417:28:417:Infinity":42,"f:420:16:420:27":8,"s:421:2:421:Infinity":43,"s:425:32:425:Infinity":44,"s:426:30:426:Infinity":45,"s:427:32:427:Infinity":46,"s:428:30:428:Infinity":47,"s:429:35:429:Infinity":48,"s:430:34:430:Infinity":49,"s:431:33:431:Infinity":50,"s:432:35:432:Infinity":51,"s:435:28:435:Infinity":52,"s:436:27:436:Infinity":53,"s:437:32:437:Infinity":54,"s:438:25:438:Infinity":55,"s:439:28:439:Infinity":56,"s:441:24:441:Infinity":57,"s:442:26:442:Infinity":58,"s:443:24:443:Infinity":59,"s:445:24:445:Infinity":60,"s:446:27:446:Infinity":61,"s:447:29:447:Infinity":62,"s:450:35:450:Infinity":63,"s:451:32:451:Infinity":64,"s:452:30:452:Infinity":65,"s:476:40:516:Infinity":66,"s:518:51:518:Infinity":67,"f:518:84:518:89":9,"s:518:95:518:104":68,"f:524:16:524:25":10,"s:525:2:525:Infinity":69,"f:529:16:529:24":11,"s:530:15:530:Infinity":70,"s:531:2:531:Infinity":71}}}
,"/Users/decod3rslabs/www/shipshitgames/deadrotcom/apps/games/scourge-survivors/src/game/data/weaponIdentity.ts": {"path":"/Users/decod3rslabs/www/shipshitgames/deadrotcom/apps/games/scourge-survivors/src/game/data/weaponIdentity.ts","statementMap":{"0":{"start":{"line":34,"column":39},"end":{"line":53,"column":null}},"1":{"start":{"line":55,"column":61},"end":{"line":106,"column":null}},"2":{"start":{"line":108,"column":70},"end":{"line":204,"column":null}},"3":{"start":{"line":207,"column":2},"end":{"line":207,"column":null}}},"fnMap":{"0":{"name":"weaponIdentityFor","decl":{"start":{"line":206,"column":16},"end":{"line":206,"column":34}},"loc":{"start":{"line":206,"column":67},"end":{"line":208,"column":null}},"line":206}},"branchMap":{},"s":{"0":1,"1":1,"2":1,"3":5},"f":{"0":5},"b":{},"meta":{"lastBranch":0,"lastFunction":1,"lastStatement":4,"seen":{"s:34:39:53:Infinity":0,"s:55:61:106:Infinity":1,"s:108:70:204:Infinity":2,"f:206:16:206:34":0,"s:207:2:207:Infinity":3}}}
,"/Users/decod3rslabs/www/shipshitgames/deadrotcom/apps/games/scourge-survivors/src/game/entities/ChasePlayerStrategy.ts": {"path":"/Users/decod3rslabs/www/shipshitgames/deadrotcom/apps/games/scourge-survivors/src/game/entities/ChasePlayerStrategy.ts","statementMap":{"0":{"start":{"line":4,"column":33},"end":{"line":4,"column":null}},"1":{"start":{"line":5,"column":33},"end":{"line":5,"column":null}},"2":{"start":{"line":6,"column":33},"end":{"line":6,"column":null}},"3":{"start":{"line":7,"column":28},"end":{"line":7,"column":null}},"4":{"start":{"line":8,"column":29},"end":{"line":8,"column":null}},"5":{"start":{"line":11,"column":2},"end":{"line":14,"column":null}},"6":{"start":{"line":29,"column":16},"end":{"line":29,"column":null}},"7":{"start":{"line":30,"column":16},"end":{"line":30,"column":null}},"8":{"start":{"line":31,"column":2},"end":{"line":31,"column":null}},"9":{"start":{"line":31,"column":57},"end":{"line":31,"column":null}},"10":{"start":{"line":33,"column":18},"end":{"line":33,"column":null}},"11":{"start":{"line":34,"column":18},"end":{"line":34,"column":null}},"12":{"start":{"line":35,"column":2},"end":{"line":39,"column":null}},"13":{"start":{"line":36,"column":4},"end":{"line":36,"column":null}},"14":{"start":{"line":37,"column":4},"end":{"line":37,"column":null}},"15":{"start":{"line":38,"column":4},"end":{"line":38,"column":null}},"16":{"start":{"line":41,"column":25},"end":{"line":41,"column":null}},"17":{"start":{"line":42,"column":25},"end":{"line":42,"column":null}},"18":{"start":{"line":43,"column":2},"end":{"line":47,"column":null}},"19":{"start":{"line":44,"column":4},"end":{"line":44,"column":null}},"20":{"start":{"line":45,"column":4},"end":{"line":45,"column":null}},"21":{"start":{"line":46,"column":4},"end":{"line":46,"column":null}},"22":{"start":{"line":49,"column":2},"end":{"line":49,"column":null}},"23":{"start":{"line":50,"column":2},"end":{"line":50,"column":null}},"24":{"start":{"line":51,"column":2},"end":{"line":51,"column":null}},"25":{"start":{"line":65,"column":33},"end":{"line":65,"column":null}},"26":{"start":{"line":66,"column":4},"end":{"line":66,"column":null}},"27":{"start":{"line":67,"column":4},"end":{"line":84,"column":null}},"28":{"start":{"line":68,"column":19},"end":{"line":68,"column":null}},"29":{"start":{"line":69,"column":6},"end":{"line":79,"column":null}},"30":{"start":{"line":70,"column":8},"end":{"line":70,"column":null}},"31":{"start":{"line":71,"column":8},"end":{"line":71,"column":null}},"32":{"start":{"line":72,"column":13},"end":{"line":79,"column":null}},"33":{"start":{"line":73,"column":8},"end":{"line":73,"column":null}},"34":{"start":{"line":74,"column":8},"end":{"line":74,"column":null}},"35":{"start":{"line":75,"column":8},"end":{"line":75,"column":null}},"36":{"start":{"line":77,"column":8},"end":{"line":77,"column":null}},"37":{"start":{"line":78,"column":8},"end":{"line":78,"column":null}},"38":{"start":{"line":81,"column":22},"end":{"line":81,"column":null}},"39":{"start":{"line":82,"column":6},"end":{"line":82,"column":null}},"40":{"start":{"line":83,"column":6},"end":{"line":83,"column":null}},"41":{"start":{"line":89,"column":35},"end":{"line":89,"column":null}}},"fnMap":{"0":{"name":"rangedEngagementBand","decl":{"start":{"line":10,"column":16},"end":{"line":10,"column":37}},"loc":{"start":{"line":10,"column":95},"end":{"line":15,"column":null}},"line":10},"1":{"name":"redirectBlockedRangedRetreat","decl":{"start":{"line":17,"column":16},"end":{"line":17,"column":null}},"loc":{"start":{"line":28,"column":11},"end":{"line":52,"column":null}},"line":28},"2":{"name":"desiredVelocity","decl":{"start":{"line":64,"column":2},"end":{"line":64,"column":18}},"loc":{"start":{"line":64,"column":67},"end":{"line":85,"column":null}},"line":64}},"branchMap":{"0":{"loc":{"start":{"line":31,"column":2},"end":{"line":31,"column":null}},"type":"if","locations":[{"start":{"line":31,"column":2},"end":{"line":31,"column":null}},{"start":{},"end":{}}],"line":31},"1":{"loc":{"start":{"line":35,"column":2},"end":{"line":39,"column":null}},"type":"if","locations":[{"start":{"line":35,"column":2},"end":{"line":39,"column":null}},{"start":{},"end":{}}],"line":35},"2":{"loc":{"start":{"line":43,"column":2},"end":{"line":47,"column":null}},"type":"if","locations":[{"start":{"line":43,"column":2},"end":{"line":47,"column":null}},{"start":{},"end":{}}],"line":43},"3":{"loc":{"start":{"line":67,"column":4},"end":{"line":84,"column":null}},"type":"if","locations":[{"start":{"line":67,"column":4},"end":{"line":84,"column":null}},{"start":{"line":80,"column":11},"end":{"line":84,"column":null}}],"line":67},"4":{"loc":{"start":{"line":67,"column":8},"end":{"line":67,"column":31}},"type":"binary-expr","locations":[{"start":{"line":67,"column":8},"end":{"line":67,"column":20}},{"start":{"line":67,"column":20},"end":{"line":67,"column":31}}],"line":67},"5":{"loc":{"start":{"line":69,"column":6},"end":{"line":79,"column":null}},"type":"if","locations":[{"start":{"line":69,"column":6},"end":{"line":79,"column":null}},{"start":{"line":72,"column":13},"end":{"line":79,"column":null}}],"line":69},"6":{"loc":{"start":{"line":72,"column":13},"end":{"line":79,"column":null}},"type":"if","locations":[{"start":{"line":72,"column":13},"end":{"line":79,"column":null}},{"start":{"line":76,"column":13},"end":{"line":79,"column":null}}],"line":72},"7":{"loc":{"start":{"line":81,"column":22},"end":{"line":81,"column":null}},"type":"cond-expr","locations":[{"start":{"line":81,"column":52},"end":{"line":81,"column":56}},{"start":{"line":81,"column":56},"end":{"line":81,"column":null}}],"line":81}},"s":{"0":1,"1":1,"2":1,"3":1,"4":1,"5":4,"6":2,"7":2,"8":2,"9":1,"10":1,"11":1,"12":1,"13":1,"14":1,"15":1,"16":0,"17":0,"18":0,"19":0,"20":0,"21":0,"22":0,"23":0,"24":0,"25":3,"26":3,"27":3,"28":3,"29":3,"30":1,"31":1,"32":2,"33":1,"34":1,"35":1,"36":1,"37":1,"38":0,"39":0,"40":0,"41":1},"f":{"0":4,"1":2,"2":3},"b":{"0":[1,1],"1":[1,0],"2":[0,0],"3":[3,0],"4":[3,3],"5":[1,2],"6":[1,1],"7":[0,0]},"meta":{"lastBranch":8,"lastFunction":3,"lastStatement":42,"seen":{"s:4:33:4:Infinity":0,"s:5:33:5:Infinity":1,"s:6:33:6:Infinity":2,"s:7:28:7:Infinity":3,"s:8:29:8:Infinity":4,"f:10:16:10:37":0,"s:11:2:14:Infinity":5,"f:17:16:17:Infinity":1,"s:29:16:29:Infinity":6,"s:30:16:30:Infinity":7,"b:31:2:31:Infinity:undefined:undefined:undefined:undefined":0,"s:31:2:31:Infinity":8,"s:31:57:31:Infinity":9,"s:33:18:33:Infinity":10,"s:34:18:34:Infinity":11,"b:35:2:39:Infinity:undefined:undefined:undefined:undefined":1,"s:35:2:39:Infinity":12,"s:36:4:36:Infinity":13,"s:37:4:37:Infinity":14,"s:38:4:38:Infinity":15,"s:41:25:41:Infinity":16,"s:42:25:42:Infinity":17,"b:43:2:47:Infinity:undefined:undefined:undefined:undefined":2,"s:43:2:47:Infinity":18,"s:44:4:44:Infinity":19,"s:45:4:45:Infinity":20,"s:46:4:46:Infinity":21,"s:49:2:49:Infinity":22,"s:50:2:50:Infinity":23,"s:51:2:51:Infinity":24,"f:64:2:64:18":2,"s:65:33:65:Infinity":25,"s:66:4:66:Infinity":26,"b:67:4:84:Infinity:80:11:84:Infinity":3,"s:67:4:84:Infinity":27,"b:67:8:67:20:67:20:67:31":4,"s:68:19:68:Infinity":28,"b:69:6:79:Infinity:72:13:79:Infinity":5,"s:69:6:79:Infinity":29,"s:70:8:70:Infinity":30,"s:71:8:71:Infinity":31,"b:72:13:79:Infinity:76:13:79:Infinity":6,"s:72:13:79:Infinity":32,"s:73:8:73:Infinity":33,"s:74:8:74:Infinity":34,"s:75:8:75:Infinity":35,"s:77:8:77:Infinity":36,"s:78:8:78:Infinity":37,"s:81:22:81:Infinity":38,"b:81:52:81:56:81:56:81:Infinity":7,"s:82:6:82:Infinity":39,"s:83:6:83:Infinity":40,"s:89:35:89:Infinity":41}}}
,"/Users/decod3rslabs/www/shipshitgames/deadrotcom/apps/games/scourge-survivors/src/game/systems/InputSystem.ts": {"path":"/Users/decod3rslabs/www/shipshitgames/deadrotcom/apps/games/scourge-survivors/src/game/systems/InputSystem.ts","statementMap":{"0":{"start":{"line":15,"column":28},"end":{"line":24,"column":null}},"1":{"start":{"line":26,"column":74},"end":{"line":32,"column":null}},"2":{"start":{"line":35,"column":31},"end":{"line":35,"column":65}},"3":{"start":{"line":38,"column":4},"end":{"line":54,"column":null}},"4":{"start":{"line":40,"column":8},"end":{"line":40,"column":null}},"5":{"start":{"line":41,"column":8},"end":{"line":41,"column":null}},"6":{"start":{"line":43,"column":8},"end":{"line":43,"column":null}},"7":{"start":{"line":44,"column":8},"end":{"line":44,"column":null}},"8":{"start":{"line":50,"column":23},"end":{"line":50,"column":null}},"9":{"start":{"line":51,"column":8},"end":{"line":51,"column":null}},"10":{"start":{"line":51,"column":20},"end":{"line":51,"column":null}},"11":{"start":{"line":52,"column":8},"end":{"line":52,"column":null}},"12":{"start":{"line":59,"column":14},"end":{"line":59,"column":null}},"13":{"start":{"line":121,"column":10},"end":{"line":126,"column":null}},"14":{"start":{"line":128,"column":10},"end":{"line":137,"column":null}},"15":{"start":{"line":62,"column":21},"end":{"line":62,"column":null}},"16":{"start":{"line":63,"column":21},"end":{"line":63,"column":null}},"17":{"start":{"line":67,"column":4},"end":{"line":67,"column":null}},"18":{"start":{"line":71,"column":4},"end":{"line":71,"column":null}},"19":{"start":{"line":72,"column":4},"end":{"line":72,"column":null}},"20":{"start":{"line":76,"column":4},"end":{"line":76,"column":null}},"21":{"start":{"line":77,"column":4},"end":{"line":77,"column":null}},"22":{"start":{"line":78,"column":4},"end":{"line":78,"column":null}},"23":{"start":{"line":79,"column":4},"end":{"line":79,"column":null}},"24":{"start":{"line":80,"column":4},"end":{"line":80,"column":null}},"25":{"start":{"line":84,"column":4},"end":{"line":86,"column":null}},"26":{"start":{"line":85,"column":6},"end":{"line":85,"column":null}},"27":{"start":{"line":87,"column":4},"end":{"line":87,"column":null}},"28":{"start":{"line":87,"column":23},"end":{"line":87,"column":null}},"29":{"start":{"line":88,"column":4},"end":{"line":88,"column":null}},"30":{"start":{"line":92,"column":4},"end":{"line":92,"column":null}},"31":{"start":{"line":96,"column":4},"end":{"line":96,"column":null}},"32":{"start":{"line":97,"column":4},"end":{"line":97,"column":null}},"33":{"start":{"line":101,"column":4},"end":{"line":110,"column":null}},"34":{"start":{"line":102,"column":18},"end":{"line":102,"column":null}},"35":{"start":{"line":103,"column":6},"end":{"line":105,"column":null}},"36":{"start":{"line":104,"column":8},"end":{"line":104,"column":null}},"37":{"start":{"line":104,"column":24},"end":{"line":104,"column":58}},"38":{"start":{"line":109,"column":6},"end":{"line":109,"column":null}},"39":{"start":{"line":114,"column":4},"end":{"line":114,"column":null}},"40":{"start":{"line":114,"column":53},"end":{"line":114,"column":null}},"41":{"start":{"line":115,"column":4},"end":{"line":115,"column":null}},"42":{"start":{"line":116,"column":4},"end":{"line":118,"column":null}},"43":{"start":{"line":117,"column":6},"end":{"line":117,"column":null}},"44":{"start":{"line":117,"column":40},"end":{"line":117,"column":null}},"45":{"start":{"line":122,"column":4},"end":{"line":125,"column":null}},"46":{"start":{"line":123,"column":6},"end":{"line":123,"column":null}},"47":{"start":{"line":124,"column":6},"end":{"line":124,"column":null}},"48":{"start":{"line":129,"column":4},"end":{"line":136,"column":null}},"49":{"start":{"line":130,"column":6},"end":{"line":130,"column":null}},"50":{"start":{"line":131,"column":6},"end":{"line":131,"column":null}},"51":{"start":{"line":132,"column":6},"end":{"line":132,"column":null}},"52":{"start":{"line":133,"column":6},"end":{"line":133,"column":null}},"53":{"start":{"line":134,"column":6},"end":{"line":134,"column":null}},"54":{"start":{"line":135,"column":6},"end":{"line":135,"column":null}},"55":{"start":{"line":147,"column":50},"end":{"line":147,"column":null}},"56":{"start":{"line":148,"column":46},"end":{"line":148,"column":null}},"57":{"start":{"line":228,"column":10},"end":{"line":236,"column":null}},"58":{"start":{"line":238,"column":10},"end":{"line":245,"column":null}},"59":{"start":{"line":247,"column":10},"end":{"line":262,"column":null}},"60":{"start":{"line":151,"column":12},"end":{"line":151,"column":null}},"61":{"start":{"line":152,"column":12},"end":{"line":152,"column":null}},"62":{"start":{"line":158,"column":26},"end":{"line":158,"column":null}},"63":{"start":{"line":159,"column":4},"end":{"line":159,"column":null}},"64":{"start":{"line":160,"column":4},"end":{"line":160,"column":null}},"65":{"start":{"line":161,"column":4},"end":{"line":161,"column":null}},"66":{"start":{"line":162,"column":4},"end":{"line":162,"column":null}},"67":{"start":{"line":163,"column":4},"end":{"line":163,"column":null}},"68":{"start":{"line":164,"column":4},"end":{"line":164,"column":null}},"69":{"start":{"line":165,"column":4},"end":{"line":165,"column":null}},"70":{"start":{"line":169,"column":4},"end":{"line":169,"column":null}},"71":{"start":{"line":170,"column":4},"end":{"line":170,"column":null}},"72":{"start":{"line":171,"column":4},"end":{"line":171,"column":null}},"73":{"start":{"line":172,"column":4},"end":{"line":172,"column":null}},"74":{"start":{"line":173,"column":4},"end":{"line":173,"column":null}},"75":{"start":{"line":174,"column":4},"end":{"line":174,"column":null}},"76":{"start":{"line":175,"column":4},"end":{"line":175,"column":null}},"77":{"start":{"line":180,"column":4},"end":{"line":223,"column":null}},"78":{"start":{"line":184,"column":22},"end":{"line":184,"column":null}},"79":{"start":{"line":187,"column":8},"end":{"line":190,"column":null}},"80":{"start":{"line":188,"column":10},"end":{"line":188,"column":null}},"81":{"start":{"line":189,"column":10},"end":{"line":189,"column":null}},"82":{"start":{"line":195,"column":8},"end":{"line":195,"column":null}},"83":{"start":{"line":195,"column":42},"end":{"line":195,"column":null}},"84":{"start":{"line":199,"column":8},"end":{"line":199,"column":null}},"85":{"start":{"line":199,"column":69},"end":{"line":199,"column":null}},"86":{"start":{"line":200,"column":8},"end":{"line":203,"column":null}},"87":{"start":{"line":201,"column":10},"end":{"line":201,"column":null}},"88":{"start":{"line":202,"column":10},"end":{"line":202,"column":null}},"89":{"start":{"line":204,"column":8},"end":{"line":204,"column":null}},"90":{"start":{"line":204,"column":26},"end":{"line":204,"column":null}},"91":{"start":{"line":205,"column":8},"end":{"line":205,"column":null}},"92":{"start":{"line":206,"column":8},"end":{"line":206,"column":null}},"93":{"start":{"line":210,"column":8},"end":{"line":211,"column":null}},"94":{"start":{"line":210,"column":26},"end":{"line":210,"column":null}},"95":{"start":{"line":211,"column":13},"end":{"line":211,"column":null}},"96":{"start":{"line":211,"column":31},"end":{"line":211,"column":null}},"97":{"start":{"line":215,"column":8},"end":{"line":215,"column":null}},"98":{"start":{"line":215,"column":31},"end":{"line":215,"column":null}},"99":{"start":{"line":216,"column":18},"end":{"line":216,"column":null}},"100":{"start":{"line":217,"column":18},"end":{"line":217,"column":null}},"101":{"start":{"line":218,"column":8},"end":{"line":218,"column":null}},"102":{"start":{"line":219,"column":8},"end":{"line":219,"column":null}},"103":{"start":{"line":222,"column":33},"end":{"line":222,"column":null}},"104":{"start":{"line":229,"column":4},"end":{"line":229,"column":null}},"105":{"start":{"line":229,"column":39},"end":{"line":229,"column":null}},"106":{"start":{"line":230,"column":4},"end":{"line":235,"column":null}},"107":{"start":{"line":231,"column":6},"end":{"line":231,"column":null}},"108":{"start":{"line":232,"column":11},"end":{"line":235,"column":null}},"109":{"start":{"line":233,"column":6},"end":{"line":233,"column":null}},"110":{"start":{"line":234,"column":6},"end":{"line":234,"column":null}},"111":{"start":{"line":239,"column":4},"end":{"line":244,"column":null}},"112":{"start":{"line":240
[...]
:2},"end":{"line":113,"column":10}},"loc":{"start":{"line":113,"column":55},"end":{"line":119,"column":null}},"line":113},"12":{"name":"(anonymous_12)","decl":{"start":{"line":116,"column":28},"end":{"line":116,"column":45}},"loc":{"start":{"line":116,"column":45},"end":{"line":118,"column":7}},"line":116},"13":{"name":"(anonymous_13)","decl":{"start":{"line":121,"column":10},"end":{"line":121,"column":34}},"loc":{"start":{"line":121,"column":34},"end":{"line":126,"column":null}},"line":121},"14":{"name":"(anonymous_14)","decl":{"start":{"line":128,"column":10},"end":{"line":128,"column":34}},"loc":{"start":{"line":128,"column":34},"end":{"line":137,"column":null}},"line":128},"15":{"name":"constructor","decl":{"start":{"line":150,"column":2},"end":{"line":150,"column":null}},"loc":{"start":{"line":153,"column":4},"end":{"line":153,"column":null}},"line":153},"16":{"name":"bindEvents","decl":{"start":{"line":157,"column":2},"end":{"line":157,"column":15}},"loc":{"start":{"line":157,"column":15},"end":{"line":166,"column":null}},"line":157},"17":{"name":"removeListeners","decl":{"start":{"line":168,"column":2},"end":{"line":168,"column":20}},"loc":{"start":{"line":168,"column":20},"end":{"line":176,"column":null}},"line":168},"18":{"name":"hooks","decl":{"start":{"line":179,"column":2},"end":{"line":179,"column":10}},"loc":{"start":{"line":179,"column":72},"end":{"line":224,"column":null}},"line":179},"19":{"name":"(anonymous_19)","decl":{"start":{"line":184,"column":6},"end":{"line":184,"column":22}},"loc":{"start":{"line":184,"column":22},"end":{"line":184,"column":null}},"line":184},"20":{"name":"(anonymous_20)","decl":{"start":{"line":186,"column":6},"end":{"line":186,"column":20}},"loc":{"start":{"line":186,"column":20},"end":{"line":191,"column":null}},"line":186},"21":{"name":"(anonymous_21)","decl":{"start":{"line":194,"column":6},"end":{"line":194,"column":25}},"loc":{"start":{"line":194,"column":25},"end":{"line":196,"column":null}},"line":194},"22":{"name":"(anonymous_22)","decl":{"start":{"line":198,"column":6},"end":{"line":198,"column":22}},"loc":{"start":{"line":198,"column":33},"end":{"line":207,"column":null}},"line":198},"23":{"name":"(anonymous_23)","decl":{"start":{"line":209,"column":6},"end":{"line":209,"column":20}},"loc":{"start":{"line":209,"column":31},"end":{"line":212,"column":null}},"line":209},"24":{"name":"(anonymous_24)","decl":{"start":{"line":214,"column":6},"end":{"line":214,"column":22}},"loc":{"start":{"line":214,"column":22},"end":{"line":220,"column":null}},"line":214},"25":{"name":"(anonymous_25)","decl":{"start":{"line":222,"column":6},"end":{"line":222,"column":33}},"loc":{"start":{"line":222,"column":33},"end":{"line":222,"column":null}},"line":222},"26":{"name":"(anonymous_26)","decl":{"start":{"line":228,"column":10},"end":{"line":228,"column":33}},"loc":{"start":{"line":228,"column":54},"end":{"line":236,"column":null}},"line":228},"27":{"name":"(anonymous_27)","decl":{"start":{"line":238,"column":10},"end":{"line":238,"column":31}},"loc":{"start":{"line":238,"column":52},"end":{"line":245,"column":null}},"line":238},"28":{"name":"(anonymous_28)","decl":{"start":{"line":247,"column":10},"end":{"line":247,"column":21}},"loc":{"start":{"line":247,"column":39},"end":{"line":262,"column":null}},"line":247},"29":{"name":"(anonymous_29)","decl":{"start":{"line":256,"column":33},"end":{"line":256,"column":41}},"loc":{"start":{"line":256,"column":48},"end":{"line":256,"column":73}},"line":256},"30":{"name":"requestLock","decl":{"start":{"line":264,"column":2},"end":{"line":264,"column":16}},"loc":{"start":{"line":264,"column":16},"end":{"line":266,"column":null}},"line":264}},"branchMap":{"0":{"loc":{"start":{"line":38,"column":4},"end":{"line":54,"column":null}},"type":"switch","locations":[{"start":{"line":39,"column":6},"end":{"line":41,"column":null}},{"start":{"line":42,"column":6},"end":{"line":44,"column":null}},{"start":{"line":45,"column":6},"end":{"line":45,"column":null}},{"start":{"line":46,"column":6},"end":{"line":46,"column":null}},{"start":{"line":47,"column":6},"end":{"line":47,"column":null}},{"start":{"line":48,"column":6},"end":{"line":48,"column":null}},{"start":{"line":49,"column":6},"end":{"line":53,"column":null}}],"line":38},"1":{"loc":{"start":{"line":51,"column":8},"end":{"line":51,"column":null}},"type":"if","locations":[{"start":{"line":51,"column":8},"end":{"line":51,"column":null}},{"start":{},"end":{}}],"line":51},"2":{"loc":{"start":{"line":84,"column":4},"end":{"line":86,"column":null}},"type":"if","locations":[{"start":{"line":84,"column":4},"end":{"line":86,"column":null}},{"start":{},"end":{}}],"line":84},"3":{"loc":{"start":{"line":84,"column":8},"end":{"line":84,"column":115}},"type":"binary-expr","locations":[{"start":{"line":84,"column":8},"end":{"line":84,"column":52}},{"start":{"line":84,"column":52},"end":{"line":84,"column":84}},{"start":{"line":84,"column":84},"end":{"line":84,"column":115}}],"line":84},"4":{"loc":{"start":{"line":87,"column":4},"end":{"line":87,"column":null}},"type":"if","locations":[{"start":{"line":87,"column":4},"end":{"line":87,"column":null}},{"start":{},"end":{}}],"line":87},"5":{"loc":{"start":{"line":100,"column":22},"end":{"line":100,"column":47}},"type":"default-arg","locations":[{"start":{"line":100,"column":35},"end":{"line":100,"column":47}}],"line":100},"6":{"loc":{"start":{"line":103,"column":6},"end":{"line":105,"column":null}},"type":"if","locations":[{"start":{"line":103,"column":6},"end":{"line":105,"column":null}},{"start":{},"end":{}}],"line":103},"7":{"loc":{"start":{"line":103,"column":10},"end":{"line":103,"column":50}},"type":"binary-expr","locations":[{"start":{"line":103,"column":10},"end":{"line":103,"column":17}},{"start":{"line":103,"column":17},"end":{"line":103,"column":50}}],"line":103},"8":{"loc":{"start":{"line":114,"column":4},"end":{"line":114,"column":null}},"type":"if","locations":[{"start":{"line":114,"column":4},"end":{"line":114,"column":null}},{"start":{},"end":{}}],"line":114},"9":{"loc":{"start":{"line":114,"column":8},"end":{"line":114,"column":53}},"type":"binary-expr","locations":[{"start":{"line":114,"column":8},"end":{"line":114,"column":23}},{"start":{"line":114,"column":23},"end":{"line":114,"column":53}}],"line":114},"10":{"loc":{"start":{"line":117,"column":6},"end":{"line":117,"column":null}},"type":"if","locations":[{"start":{"line":117,"column":6},"end":{"line":117,"column":null}},{"start":{},"end":{}}],"line":117},"11":{"loc":{"start":{"line":122,"column":4},"end":{"line":125,"column":null}},"type":"if","locations":[{"start":{"line":122,"column":4},"end":{"line":125,"column":null}},{"start":{},"end":{}}],"line":122},"12":{"loc":{"start":{"line":122,"column":8},"end":{"line":122,"column":82}},"type":"binary-expr","locations":[{"start":{"line":122,"column":8},"end":{"line":122,"column":52}},{"start":{"line":122,"column":52},"end":{"line":122,"column":82}}],"line":122},"13":{"loc":{"start":{"line":129,"column":4},"end":{"line":136,"column":null}},"type":"if","locations":[{"start":{"line":129,"column":4},"end":{"line":136,"column":null}},{"start":{},"end":{}}],"line":129},"14":{"loc":{"start":{"line":187,"column":8},"end":{"line":190,"column":null}},"type":"if","locations":[{"start":{"line":187,"column":8},"end":{"line":190,"column":null}},{"start":{},"end":{}}],"line":187},"15":{"loc":{"start":{"line":195,"column":8},"end":{"line":195,"column":null}},"type":"if","locations":[{"start":{"line":195,"column":8},"end":{"line":195,"column":null}},{"start":{},"end":{}}],"line":195},"16":{"loc":{"start":{"line":199,"column":8},"end":{"line":199,"column":null}},"type":"if","locations":[{"start":{"line":199,"column":8},"end":{"line":199,"column":null}},{"start":{},"end":{}}],"line":199},"17":{"loc":{"start":{"line":199,"column":12},"end":{"line":199,"column":69}},"type":"binary-expr","locations":[{"start":{"line":199,"column":12},"end":{"line":199,"column":38}},{"start":{"line":199,"column":38},"end":{"line":199,"column":69}}],"line":199},"18":{"loc":{"start":{"line":200,"column":8},"end":{"line":203,"column":null}},"type":"if","locations":[{"start":{"line":200,"column":8},"end":{"line":203,"column":null}},{"start":{},"end":{}}],"line":200},"19":{"loc":{"start":{"line":204,"column":8},"end":{"line":204,"column":null}},"type":"if","locations":[{"start":{"line":204,"column":8},"end":{"line":204,"column":null}},{"start":{},"end":{}}],"line":204},"20":{"loc":{"start":{"line":210,"column":8},"end":{"line":211,"column":null}},"type":"if","locations":[{"start":{"line":210,"column":8},"end":{"line":211,"column":null}},{"start":{"line":211,"column":13},"end":{"line":211,"column":null}}],"line":210},"21":{"loc":{"start":{"line":211,"column":13},"end":{"line":211,"column":null}},"type":"if","locations":[{"start":{"line":211,"column":13},"end":{"line":211,"column":null}},{"start":{},"end":{}}],"line":211},"22":{"loc":{"start":{"line":215,"column":8},"end":{"line":215,"column":null}},"type":"if","locations":[{"start":{"line":215,"column":8},"end":{"line":215,"column":null}},{"start":{},"end":{}}],"line":215},"23":{"loc":{"start":{"line":229,"column":4},"end":{"line":229,"column":null}},"type":"if","locations":[{"start":{"line":229,"column":4},"end":{"line":229,"column":null}},{"start":{},"end":{}}],"line":229},"24":{"loc":{"start":{"line":230,"column":4},"end":{"line":235,"column":null}},"type":"if","locations":[{"start":{"line":230,"column":4},"end":{"line":235,"column":null}},{"start":{"line":232,"column":11},"end":{"line":235,"column":null}}],"line":230},"25":{"loc":{"start":{"line":230,"column":8},"end":{"line":230,"column":59}},"type":"binary-expr","locations":[{"start":{"line":230,"column":8},"end":{"line":230,"column":34}},{"start":{"line":230,"column":34},"end":{"line":230,"column":59}}],"line":230},"26":{"loc":{"start":{"line":232,"column":11},"end":{"line":235,"column":null}},"type":"if","locations":[{"start":{"line":232,"column":11},"end":{"line":235,"column":null}},{"start":{},"end":{}}],"line":232},"27":{"loc":{"start":{"line":232,"column":15},"end":{"line":232,"column":91}},"type":"binary-expr","locations":[{"start":{"line":232,"column":15},"end":{"line":232,"column":43}},{"start":{"line":232,"column":43},"end":{"line":232,"column":72}},{"start":{"line":232,"column":72},"end":{"line":232,"column":91}}],"line":232},"28":{"loc":{"start":{"line":239,"column":4},"end":{"line":244,"column":null}},"type":"if","locations":[{"start":{"line":239,"column":4},"end":{"line":244,"column":null}},{"start":{"line":241,"column":11},"end":{"line":244,"column":null}}],"line":239},"29":{"loc":{"start":{"line":239,"column":8},"end":{"line":239,"column":59}},"type":"binary-expr","locations":[{"start":{"line":239,"column":8},"end":{"line":239,"column":34}},{"start":{"line":239,"column":34},"end":{"line":239,"column":59}}],"line":239},"30":{"loc":{"start":{"line":241,"column":11},"end":{"line":244,"column":null}},"type":"if","locations":[{"start":{"line":241,"column":11},"end":{"line":244,"column":null}},{"start":{},"end":{}}],"line":241},"31":{"loc":{"start":{"line":241,"column":15},"end":{"line":241,"column":91}},"type":"binary-expr","locations":[{"start":{"line":241,"column":15},"end":{"line":241,"column":43}},{"start":{"line":241,"column":43},"end":{"line":241,"column":72}},{"start":{"line":241,"column":72},"end":{"line":241,"column":91}}],"line":241},"32":{"loc":{"start":{"line":248,"column":4},"end":{"line":248,"column":null}},"type":"if","locations":[{"start":{"line":248,"column":4},"end":{"line":248,"column":null}},{"start":{},"end":{}}],"line":248},"33":{"loc":{"start":{"line":249,"column":16},"end":{"line":249,"column":null}},"type":"cond-expr","locations":[{"start":{"line":249,"column":31},"end":{"line":249,"column":35}},{"start":{"line":249,"column":35},"end":{"line":249,"column":null}}],"line":249},"34":{"loc":{"start":{"line":250,"column":4},"end":{"line":254,"column":null}},"type":"if","locations":[{"start":{"line":250,"column":4},"end":{"line":254,"column":null}},{"start":{},"end":{}}],"line":250},"35":{"loc":{"start":{"line":257,"column":4},"end":{"line":257,"column":null}},"type":"if","locations":[{"start":{"line":257,"column":4},"end":{"line":257,"column":null}},{"start":{},"end":{}}],"line":257}},"s":{"0":1,"1":1,"2":1,"3":3,"4":1,"5":1,"6":1,"7":1,"8":1,"9":1,"10":1,"11":1,"12":2,"13":1,"14":1,"15":2,"16":2,"17":1,"18":1,"19":1,"20":0,"21":0,"22":0,"23":0,"24":0,"25":1,"26":0,"27":1,"28":0,"29":1,"30":0,"31":1,"32":1,"33":1,"34":1,"35":1,"36":0,"37":0,"38":1,"39":1,"40":0,"41":1,"42":1,"43":0,"44":0,"45":1,"46":1,"47":1,"48":1,"49":1,"50":1,"51":1,"52":1,"53":1,"54":1,"55":0,"56":0,"57":0,"58":0,"59":0,"60":0,"61":0,"62":0,"63":0,"64":0,"65":0,"66":0,"67":0,"68":0,"69":0,"70":0,"71":0,"72":0,"73":0,"74":0,"75":0,"76":0,"77":0,"78":0,"79":0,"80":0,"81":0,"82":0,"83":0,"84":0,"85":0,"86":0,"87":0,"88":0,"89":0,"90":0,"91":0,"92":0,"93":0,"94":0,"95":0,"96":0,"97":0,"98":0,"99":0,"100":0,"101":0,"102":0,"103":0,"104":0,"105":0,"106":0,"107":0,"108":0,"109":0,"110":0,"111":0,"112":0,"113":0,"114":0,"115":0,"116":0,"117":0,"118":0,"119":0,"120":0,"121":0,"122":0,"123":0,"124":0,"125":0,"126":0,"127":0,"128":0,"129":0,"130":0,"131":0},"f":{"0":1,"1":3,"2":2,"3":1,"4":1,"5":0,"6":1,"7":0,"8":1,"9":1,"10":0,"11":1,"12":0,"13":1,"14":1,"15":0,"16":0,"17":0,"18":0,"19":0,"20":0,"21":0,"22":0,"23":0,"24":0,"25":0,"26":0,"27":0,"28":0,"29":0,"30":0},"b":{"0":[1,1,0,0,1,1,1],"1":[1,0],"2":[0,1],"3":[1,1,0],"4":[0,1],"5":[1],"6":[0,1],"7":[1,0],"8":[0,1],"9":[1,1],"10":[0,0],"11":[1,0],"12":[1,0],"13":[1,0],"14":[0,0],"15":[0,0],"16":[0,0],"17":[0,0],"18":[0,0],"19":[0,0],"20":[0,0],"21":[0,0],"22":[0,0],"23":[0,0],"24":[0,0],"25":[0,0],"26":[0,0],"27":[0,0,0],"28":[0,0],"29":[0,0],"30":[0,0],"31":[0,0,0],"32":[0,0],"33":[0,0],"34":[0,0],"35":[0,0]},"meta":{"lastBranch":36,"lastFunction":31,"lastStatement":132,"seen":{"s:15:28:24:Infinity":0,"s:26:74:32:Infinity":1,"f:35:2:35:14":0,"s:35:31:35:65":2,"f:37:2:37:15":1,"b:39:6:41:Infinity:42:6:44:Infinity:45:6:45:Infinity:46:6:46:Infinity:47:6:47:Infinity:48:6:48:Infinity:49:6:53:Infinity":0,"s:38:4:54:Infinity":3,"s:40:8:40:Infinity":4,"s:41:8:41:Infinity":5,"s:43:8:43:Infinity":6,"s:44:8:44:Infinity":7,"s:50:23:50:Infinity":8,"b:51:8:51:Infinity:undefined:undefined:undefined:undefined":1,"s:51:8:51:Infinity":9,"s:51:20:51:Infinity":10,"s:52:8:52:Infinity":11,"s:59:14:59:Infinity":12,"s:121:10:126:Infinity":13,"s:128:10:137:Infinity":14,"f:61:2:61:Infinity":2,"s:62:21:62:Infinity":15,"s:63:21:63:Infinity":16,"f:66:6:66:26":3,"s:67:4:67:Infinity":17,"f:70:2:70:15":4,"s:71:4:71:Infinity":18,"s:72:4:72:Infinity":19,"f:75:2:75:17":5,"s:76:4:76:Infinity":20,"s:77:4:77:Infinity":21,"s:78:4:78:Infinity":22,"s:79:4:79:Infinity":23,"s:80:4:80:Infinity":24,"f:83:2:83:25":6,"b:84:4:86:Infinity:undefined:undefined:undefined:undefined":2,"s:84:4:86:Infinity":25,"b:84:8:84:52:84:52:84:84:84:84:84:115":3,"s:85:6:85:Infinity":26,"b:87:4:87:Infinity:undefined:undefined:undefined:undefined":4,"s:87:4:87:Infinity":27,"s:87:23:87:Infinity":28,"s:88:4:88:Infinity":29,"f:91:2:91:17":7,"s:92:4:92:Infinity":30,"f:95:2:95:35":8,"s:96:4:96:Infinity":31,"s:97:4:97:Infinity":32,"f:100:2:100:10":9,"b:100:35:100:47":5,"s:101:4:110:Infinity":33,"s:102:18:102:Infinity":34,"b:103:6:105:Infinity:undefined:undefined:undefined:undefined":6,"s:103:6:105:Infinity":35,"b:103:10:103:17:103:17:103:50":7,"s:104:8:104:Infinity":36,"f:104:12:104:24":10,"s:104:24:104:58":37,"s:109:6:109:Infinity":38,"f:113:2:113:10":11,"b:114:4:114:Infinity:undefined:undefined:undefined:undefined":8,"s:114:4:114:Infinity":39,"b:114:8:114:23:114:23:114:53":9,"s:114:53:114:Infinity":40,"s:115:4:115:Infinity":41,"s:116:4:118:Infinity":42,"f:116:28:116:45":12,"b:117:6:117:Infinity:undefined:undefined:undefined:undefined":10,"s:117:6:117:Infinity":43,"s:117:40:117:Infinity":44,"f:121:10:121:34":13,"b:122:4:125:Infinity:undefined:undefined:undefined:undefined":11,"s:122:4:125:Infinity":45,"b:122:8:122:52:122:52:122:82":12,"s:123:6:123:Infinity":46,"s:124:6:124:Infinity":47,"f:128:10:128:34":14,"b:129:4:136:Infinity:undefined:undefined:undefined:undefined":13,"s:129:4:136:Infinity":48,"s:130:6:130:Infinity":49,"s:131:6:131:Infinity":50,"s:132:6:132:Infinity":51,"s:133:6:133:Infinity":52,"s:134:6:134:Infinity":53,"s:135:6:135:Infinity":54,"s:147:50:147:Infinity":55,"s:148:46:148:Infinity":56,"s:228:10:236:Infinity":57,"s:238:10:245:Infinity":58,"s:247:10:262:Infinity":59,"f:150:2:150:Infinity":15,"s:151:12:151:Infinity":60,"s:152:12:152:Infinity":61,"f:157:2:157:15":16,"s:158:26:158:Infinity":62,"s:159:4:159:Infinity":63,"s:160:4:160:Infinity":64,"s:161:4:161:Infinity":65,"s:162:4:162:Infinity":66,"s:163:4:163:Infinity":67,"s:164:4:164:Infinity":68,"s:165:4:165:Infinity":69,"f:168:2:168:20":17,"s:169:4:169:Infinity":70,"s:170:4:170:Infinity":71,"s:171:4:171:Infinity":72,"s:172:4:172:Infinity":73,"s:173:4:173:Infinity":74,"s:174:4:174:Infinity":75,"s:175:4:175:Infinity":76,"f:179:2:179:10":18,"s:180:4:223:Infinity":77,"f:184:6:184:22":19,"s:184:22:184:Infinity":78,"f:186:6:186:20":20,"b:187:8:190:Infinity:undefined:undefined:undefined:undefined":14,"s:187:8:190:Infinity":79,"s:188:10:188:Infinity":80,"s:189:10:189:Infinity":81,"f:194:6:194:25":21,"b:195:8:195:Infinity:undefined:undefined:undefined:undefined":15,"s:195:8:195:Infinity":82,"s:195:42:195:Infinity":83,"f:198:6:198:22":22,"b:199:8:199:Infinity:undefined:undefined:undefined:undefined":16,"s:199:8:199:Infinity":84,"b:199:12:199:38:199:38:199:69":17,"s:199:69:199:Infinity":85,"b:200:8:203:Infinity:undefined:undefined:undefined:undefined":18,"s:200:8:203:Infinity":86,"s:201:10:201:Infinity":87,"s:202:10:202:Infinity":88,"b:204:8:204:Infinity:undefined:undefined:undefined:undefined":19,"s:204:8:204:Infinity":89,"s:204:26:204:Infinity":90,"s:205:8:205:Infinity":91,"s:206:8:206:Infinity":92,"f:209:6:209:20":23,"b:210:8:211:Infinity:211:13:211:Infinity":20,"s:210:8:211:Infinity":93,"s:210:26:210:Infinity":94,"b:211:13:211:Infinity:undefined:undefined:undefined:undefined":21,"s:211:13:211:Infinity":95,"s:211:31:211:Infinity":96,"f:214:6:214:22":24,"b:215:8:215:Infinity:undefined:undefined:undefined:undefined":22,"s:215:8:215:Infinity":97,"s:215:31:215:Infinity":98,"s:216:18:216:Infinity":99,"s:217:18:217:Infinity":100,"s:218:8:218:Infinity":101,"s:219:8:219:Infinity":102,"f:222:6:222:33":25,"s:222:33:222:Infinity":103,"f:228:10:228:33":26,"b:229:4:229:Infinity:undefined:undefined:undefined:undefined":23,"s:229:4:229:Infinity":104,"s:229:39:229:Infinity":105,"b:230:4:235:Infinity:232:11:235:Infinity":24,"s:230:4:235:Infinity":106,"b:230:8:230:34:230:34:230:59":25,"s:231:6:231:Infinity":107,"b:232:11:235:Infinity:undefined:undefined:undefined:undefined":26,"s:232:11:235:Infinity":108,"b:232:15:232:43:232:43:232:72:232:72:232:91":27,"s:233:6:233:Infinity":109,"s:234:6:234:Infinity":110,"f:238:10:238:31":27,"b:239:4:244:Infinity:241:11:244:Infinity":28,"s:239:4:244:Infinity":111,"b:239:8:239:34:239:34:239:59":29,"s:240:6:240:Infinity":112,"b:241:11:244:Infinity:undefined:undefined:undefined:undefined":30,"s:241:11:244:Infinity":113,"b:241:15:241:43:241:43:241:72:241:72:241:91":31,"s:242:6:242:Infinity":114,"s:243:6:243:Infinity":115,"f:247:10:247:21":28,"b:248:4:248:Infinity:undefined:undefined:undefined:undefined":32,"s:248:4:248:Infinity":116,"s:248:39:248:Infinity":117,"s:249:16:249:Infinity":118,"b:249:31:249:35:249:35:249:Infinity":33,"b:250:4:254:Infinity:undefined:undefined:undefined:undefined":34,"s:250:4:254:Infinity":119,"s:251:6:251:Infinity":120,"s:252:6:252:Infinity":121,"s:253:6:253:Infinity":122,"s:256:20:256:Infinity":123,"f:256:33:256:41":29,"s:256:48:256:73":124,"b:257:4:257:Infinity:undefined:undefined:undefined:undefined":35,"s:257:4:257:Infinity":125,"s:257:29:257:Infinity":126,"s:258:20:258:Infinity":127,"s:259:17:259:Infinity":128,"s:260:4:260:Infinity":129,"s:261:4:261:Infinity":130,"f:264:2:264:16":30,"s:265:4:265:Infinity":131}}}
}
